Analysis & Synthesis report for top
Sat Feb 02 15:05:44 2019
Quartus Prime Version 18.0.0 Build 614 04/24/2018 SJ Lite Edition


---------------------
; Table of Contents ;
---------------------
  1. Legal Notice
  2. Analysis & Synthesis Summary
  3. Analysis & Synthesis Settings
  4. Parallel Compilation
  5. Analysis & Synthesis Source Files Read
  6. Analysis & Synthesis Resource Usage Summary
  7. Analysis & Synthesis Resource Utilization by Entity
  8. Registers Removed During Synthesis
  9. General Register Statistics
 10. Inverted Register Statistics
 11. Multiplexer Restructuring Statistics (Restructuring Performed)
 12. Port Connectivity Checks: "dflipflop:D13"
 13. Port Connectivity Checks: "dflipflop:D12"
 14. Port Connectivity Checks: "dflipflop:D11"
 15. Port Connectivity Checks: "dflipflop:D10"
 16. Port Connectivity Checks: "dflipflop:D9"
 17. Port Connectivity Checks: "dflipflop:D8"
 18. Post-Synthesis Netlist Statistics for Top Partition
 19. Elapsed Time Per Partition
 20. Analysis & Synthesis Messages



----------------
; Legal Notice ;
----------------
Copyright (C) 2018  Intel Corporation. All rights reserved.
Your use of Intel Corporation's design tools, logic functions 
and other software and tools, and its AMPP partner logic 
functions, and any output files from any of the foregoing 
(including device programming or simulation files), and any 
associated documentation or information are expressly subject 
to the terms and conditions of the Intel Program License 
Subscription Agreement, the Intel Quartus Prime License Agreement,
the Intel FPGA IP License Agreement, or other applicable license
agreement, including, without limitation, that your use is for
the sole purpose of programming logic devices manufactured by
Intel and sold by Intel or its authorized distributors.  Please
refer to the applicable agreement for further details.



+-------------------------------------------------------------------------------+
; Analysis & Synthesis Summary                                                  ;
+---------------------------------+---------------------------------------------+
; Analysis & Synthesis Status     ; Successful - Sat Feb 02 15:05:44 2019       ;
; Quartus Prime Version           ; 18.0.0 Build 614 04/24/2018 SJ Lite Edition ;
; Revision Name                   ; top                                         ;
; Top-level Entity Name           ; top                                         ;
; Family                          ; Cyclone V                                   ;
; Logic utilization (in ALMs)     ; N/A                                         ;
; Total registers                 ; 69                                          ;
; Total pins                      ; 66                                          ;
; Total virtual pins              ; 0                                           ;
; Total block memory bits         ; 0                                           ;
; Total DSP Blocks                ; 0                                           ;
; Total HSSI RX PCSs              ; 0                                           ;
; Total HSSI PMA RX Deserializers ; 0                                           ;
; Total HSSI TX PCSs              ; 0                                           ;
; Total HSSI PMA TX Serializers   ; 0                                           ;
; Total PLLs                      ; 0                                           ;
; Total DLLs                      ; 0                                           ;
+---------------------------------+---------------------------------------------+


+---------------------------------------------------------------------------------------------------------------------------+
; Analysis & Synthesis Settings                                                                                             ;
+---------------------------------------------------------------------------------+--------------------+--------------------+
; Option                                                                          ; Setting            ; Default Value      ;
+---------------------------------------------------------------------------------+--------------------+--------------------+
; Device                                                                          ; 5CEBA4F23C7        ;                    ;
; Top-level entity name                                                           ; top                ; top                ;
; Family name                                                                     ; Cyclone V          ; Cyclone V          ;
; Use smart compilation                                                           ; Off                ; Off                ;
; Enable parallel Assembler and Timing Analyzer during compilation                ; On                 ; On                 ;
; Enable compact report table                                                     ; Off                ; Off                ;
; Restructure Multiplexers                                                        ; Auto               ; Auto               ;
; MLAB Add Timing Constraints For Mixed-Port Feed-Through Mode Setting Don't Care ; Off                ; Off                ;
; Create Debugging Nodes for IP Cores                                             ; Off                ; Off                ;
; Preserve fewer node names                                                       ; On                 ; On                 ;
; Intel FPGA IP Evaluation Mode                                                   ; Enable             ; Enable             ;
; Verilog Version                                                                 ; Verilog_2001       ; Verilog_2001       ;
; VHDL Version                                                                    ; VHDL_1993          ; VHDL_1993          ;
; State Machine Processing                                                        ; Auto               ; Auto               ;
; Safe State Machine                                                              ; Off                ; Off                ;
; Extract Verilog State Machines                                                  ; On                 ; On                 ;
; Extract VHDL State Machines                                                     ; On                 ; On                 ;
; Ignore Verilog initial constructs                                               ; Off                ; Off                ;
; Iteration limit for constant Verilog loops                                      ; 5000               ; 5000               ;
; Iteration limit for non-constant Verilog loops                                  ; 250                ; 250                ;
; Add Pass-Through Logic to Inferred RAMs                                         ; On                 ; On                 ;
; Infer RAMs from Raw Logic                                                       ; On                 ; On                 ;
; Parallel Synthesis                                                              ; On                 ; On                 ;
; DSP Block Balancing                                                             ; Auto               ; Auto               ;
; NOT Gate Push-Back                                                              ; On                 ; On                 ;
; Power-Up Don't Care                                                             ; On                 ; On                 ;
; Remove Redundant Logic Cells                                                    ; Off                ; Off                ;
; Remove Duplicate Registers                                                      ; On                 ; On                 ;
; Ignore CARRY Buffers                                                            ; Off                ; Off                ;
; Ignore CASCADE Buffers                                                          ; Off                ; Off                ;
; Ignore GLOBAL Buffers                                                           ; Off                ; Off                ;
; Ignore ROW GLOBAL Buffers                                                       ; Off                ; Off                ;
; Ignore LCELL Buffers                                                            ; Off                ; Off                ;
; Ignore SOFT Buffers                                                             ; On                 ; On                 ;
; Limit AHDL Integers to 32 Bits                                                  ; Off                ; Off                ;
; Optimization Technique                                                          ; Balanced           ; Balanced           ;
; Carry Chain Length                                                              ; 70                 ; 70                 ;
; Auto Carry Chains                                                               ; On                 ; On                 ;
; Auto Open-Drain Pins                                                            ; On                 ; On                 ;
; Perform WYSIWYG Primitive Resynthesis                                           ; Off                ; Off                ;
; Auto ROM Replacement                                                            ; On                 ; On                 ;
; Auto RAM Replacement                                                            ; On                 ; On                 ;
; Auto DSP Block Replacement                                                      ; On                 ; On                 ;
; Auto Shift Register Replacement                                                 ; Auto               ; Auto               ;
; Allow Shift Register Merging across Hierarchies                                 ; Auto               ; Auto               ;
; Auto Clock Enable Replacement                                                   ; On                 ; On                 ;
; Strict RAM Replacement                                                          ; Off                ; Off                ;
; Allow Synchronous Control Signals                                               ; On                 ; On                 ;
; Force Use of Synchronous Clear Signals                                          ; Off                ; Off                ;
; Auto Resource Sharing                                                           ; Off                ; Off                ;
; Allow Any RAM Size For Recognition                                              ; Off                ; Off                ;
; Allow Any ROM Size For Recognition                                              ; Off                ; Off                ;
; Allow Any Shift Register Size For Recognition                                   ; Off                ; Off                ;
; Use LogicLock Constraints during Resource Balancing                             ; On                 ; On                 ;
; Ignore translate_off and synthesis_off directives                               ; Off                ; Off                ;
; Timing-Driven Synthesis                                                         ; On                 ; On                 ;
; Report Parameter Settings                                                       ; On                 ; On                 ;
; Report Source Assignments                                                       ; On                 ; On                 ;
; Report Connectivity Checks                                                      ; On                 ; On                 ;
; Ignore Maximum Fan-Out Assignments                                              ; Off                ; Off                ;
; Synchronization Register Chain Length                                           ; 3                  ; 3                  ;
; Power Optimization During Synthesis                                             ; Normal compilation ; Normal compilation ;
; HDL message level                                                               ; Level2             ; Level2             ;
; Suppress Register Optimization Related Messages                                 ; Off                ; Off                ;
; Number of Removed Registers Reported in Synthesis Report                        ; 5000               ; 5000               ;
; Number of Swept Nodes Reported in Synthesis Report                              ; 5000               ; 5000               ;
; Number of Inverted Registers Reported in Synthesis Report                       ; 100                ; 100                ;
; Clock MUX Protection                                                            ; On                 ; On                 ;
; Auto Gated Clock Conversion                                                     ; Off                ; Off                ;
; Block Design Naming                                                             ; Auto               ; Auto               ;
; SDC constraint protection                                                       ; Off                ; Off                ;
; Synthesis Effort                                                                ; Auto               ; Auto               ;
; Shift Register Replacement - Allow Asynchronous Clear Signal                    ; On                 ; On                 ;
; Pre-Mapping Resynthesis Optimization                                            ; Off                ; Off                ;
; Analysis & Synthesis Message Level                                              ; Medium             ; Medium             ;
; Disable Register Merging Across Hierarchies                                     ; Auto               ; Auto               ;
; Resource Aware Inference For Block RAM                                          ; On                 ; On                 ;
; Automatic Parallel Synthesis                                                    ; On                 ; On                 ;
; Partial Reconfiguration Bitstream ID                                            ; Off                ; Off                ;
+---------------------------------------------------------------------------------+--------------------+--------------------+


+------------------------------------------+
; Parallel Compilation                     ;
+----------------------------+-------------+
; Processors                 ; Number      ;
+----------------------------+-------------+
; Number detected on machine ; 8           ;
; Maximum allowed            ; 4           ;
;                            ;             ;
; Average used               ; 1.00        ;
; Maximum used               ; 4           ;
;                            ;             ;
; Usage by Processor         ; % Time Used ;
;     Processor 1            ; 100.0%      ;
;     Processor 2            ;   0.0%      ;
;     Processors 3-4         ;   0.0%      ;
+----------------------------+-------------+


+-------------------------------------------------------------------------------------------------------------------------------------------+
; Analysis & Synthesis Source Files Read                                                                                                    ;
+----------------------------------+-----------------+-----------------+----------------------------------------------------------+---------+
; File Name with User-Entered Path ; Used in Netlist ; File Type       ; File Name with Absolute Path                             ; Library ;
+----------------------------------+-----------------+-----------------+----------------------------------------------------------+---------+
; top.vhd                          ; yes             ; User VHDL File  ; C:/Users/Louis/Desktop/EELE 367/Lab 9-1/top.vhd          ;         ;
; char_decoder.vhd                 ; yes             ; User VHDL File  ; C:/Users/Louis/Desktop/EELE 367/Lab 9-1/char_decoder.vhd ;         ;
; dflipflop.vhd                    ; yes             ; User VHDL File  ; C:/Users/Louis/Desktop/EELE 367/Lab 9-1/dflipflop.vhd    ;         ;
+----------------------------------+-----------------+-----------------+----------------------------------------------------------+---------+


+------------------------------------------------------------+
; Analysis & Synthesis Resource Usage Summary                ;
+---------------------------------------------+--------------+
; Resource                                    ; Usage        ;
+---------------------------------------------+--------------+
; Estimate of Logic utilization (ALMs needed) ; 56           ;
;                                             ;              ;
; Combinational ALUT usage for logic          ; 111          ;
;     -- 7 input functions                    ; 0            ;
;     -- 6 input functions                    ; 0            ;
;     -- 5 input functions                    ; 0            ;
;     -- 4 input functions                    ; 42           ;
;     -- <=3 input functions                  ; 69           ;
;                                             ;              ;
; Dedicated logic registers                   ; 69           ;
;                                             ;              ;
; I/O pins                                    ; 66           ;
;                                             ;              ;
; Total DSP Blocks                            ; 0            ;
;                                             ;              ;
; Maximum fan-out node                        ; Reset1~input ;
; Maximum fan-out                             ; 69           ;
; Total fan-out                               ; 570          ;
; Average fan-out                             ; 1.83         ;
+---------------------------------------------+--------------+


+------------------------------------------------------------------------------------------------------------------------------------------------------------------------------------------+
; Analysis & Synthesis Resource Utilization by Entity                                                                                                                                      ;
+----------------------------+---------------------+---------------------------+-------------------+------------+------+--------------+----------------------+--------------+--------------+
; Compilation Hierarchy Node ; Combinational ALUTs ; Dedicated Logic Registers ; Block Memory Bits ; DSP Blocks ; Pins ; Virtual Pins ; Full Hierarchy Name  ; Entity Name  ; Library Name ;
+----------------------------+---------------------+---------------------------+-------------------+------------+------+--------------+----------------------+--------------+--------------+
; |top                       ; 111 (0)             ; 69 (0)                    ; 0                 ; 0          ; 66   ; 0            ; |top                 ; top          ; work         ;
;    |char_decoder:C0|       ; 7 (7)               ; 0 (0)                     ; 0                 ; 0          ; 0    ; 0            ; |top|char_decoder:C0 ; char_decoder ; work         ;
;    |char_decoder:C1|       ; 7 (7)               ; 0 (0)                     ; 0                 ; 0          ; 0    ; 0            ; |top|char_decoder:C1 ; char_decoder ; work         ;
;    |char_decoder:C2|       ; 7 (7)               ; 0 (0)                     ; 0                 ; 0          ; 0    ; 0            ; |top|char_decoder:C2 ; char_decoder ; work         ;
;    |char_decoder:C3|       ; 7 (7)               ; 0 (0)                     ; 0                 ; 0          ; 0    ; 0            ; |top|char_decoder:C3 ; char_decoder ; work         ;
;    |char_decoder:C4|       ; 7 (7)               ; 0 (0)                     ; 0                 ; 0          ; 0    ; 0            ; |top|char_decoder:C4 ; char_decoder ; work         ;
;    |char_decoder:C5|       ; 7 (7)               ; 0 (0)                     ; 0                 ; 0          ; 0    ; 0            ; |top|char_decoder:C5 ; char_decoder ; work         ;
;    |dflipflop:D0|          ; 2 (2)               ; 2 (2)                     ; 0                 ; 0          ; 0    ; 0            ; |top|dflipflop:D0    ; dflipflop    ; work         ;
;    |dflipflop:D10|         ; 1 (1)               ; 1 (1)                     ; 0                 ; 0          ; 0    ; 0            ; |top|dflipflop:D10   ; dflipflop    ; work         ;
;    |dflipflop:D11|         ; 1 (1)               ; 1 (1)                     ; 0                 ; 0          ; 0    ; 0            ; |top|dflipflop:D11   ; dflipflop    ; work         ;
;    |dflipflop:D12|         ; 1 (1)               ; 1 (1)                     ; 0                 ; 0          ; 0    ; 0            ; |top|dflipflop:D12   ; dflipflop    ; work         ;
;    |dflipflop:D13|         ; 1 (1)               ; 1 (1)                     ; 0                 ; 0          ; 0    ; 0            ; |top|dflipflop:D13   ; dflipflop    ; work         ;
;    |dflipflop:D14|         ; 2 (2)               ; 2 (2)                     ; 0                 ; 0          ; 0    ; 0            ; |top|dflipflop:D14   ; dflipflop    ; work         ;
;    |dflipflop:D15|         ; 2 (2)               ; 2 (2)                     ; 0                 ; 0          ; 0    ; 0            ; |top|dflipflop:D15   ; dflipflop    ; work         ;
;    |dflipflop:D16|         ; 2 (2)               ; 2 (2)                     ; 0                 ; 0          ; 0    ; 0            ; |top|dflipflop:D16   ; dflipflop    ; work         ;
;    |dflipflop:D17|         ; 2 (2)               ; 2 (2)                     ; 0                 ; 0          ; 0    ; 0            ; |top|dflipflop:D17   ; dflipflop    ; work         ;
;    |dflipflop:D18|         ; 2 (2)               ; 2 (2)                     ; 0                 ; 0          ; 0    ; 0            ; |top|dflipflop:D18   ; dflipflop    ; work         ;
;    |dflipflop:D19|         ; 2 (2)               ; 2 (2)                     ; 0                 ; 0          ; 0    ; 0            ; |top|dflipflop:D19   ; dflipflop    ; work         ;
;    |dflipflop:D1|          ; 2 (2)               ; 2 (2)                     ; 0                 ; 0          ; 0    ; 0            ; |top|dflipflop:D1    ; dflipflop    ; work         ;
;    |dflipflop:D20|         ; 2 (2)               ; 2 (2)                     ; 0                 ; 0          ; 0    ; 0            ; |top|dflipflop:D20   ; dflipflop    ; work         ;
;    |dflipflop:D21|         ; 2 (2)               ; 2 (2)                     ; 0                 ; 0          ; 0    ; 0            ; |top|dflipflop:D21   ; dflipflop    ; work         ;
;    |dflipflop:D22|         ; 2 (2)               ; 2 (2)                     ; 0                 ; 0          ; 0    ; 0            ; |top|dflipflop:D22   ; dflipflop    ; work         ;
;    |dflipflop:D23|         ; 2 (2)               ; 2 (2)                     ; 0                 ; 0          ; 0    ; 0            ; |top|dflipflop:D23   ; dflipflop    ; work         ;
;    |dflipflop:D24|         ; 2 (2)               ; 2 (2)                     ; 0                 ; 0          ; 0    ; 0            ; |top|dflipflop:D24   ; dflipflop    ; work         ;
;    |dflipflop:D25|         ; 2 (2)               ; 2 (2)                     ; 0                 ; 0          ; 0    ; 0            ; |top|dflipflop:D25   ; dflipflop    ; work         ;
;    |dflipflop:D26|         ; 2 (2)               ; 2 (2)                     ; 0                 ; 0          ; 0    ; 0            ; |top|dflipflop:D26   ; dflipflop    ; work         ;
;    |dflipflop:D27|         ; 2 (2)               ; 2 (2)                     ; 0                 ; 0          ; 0    ; 0            ; |top|dflipflop:D27   ; dflipflop    ; work         ;
;    |dflipflop:D28|         ; 2 (2)               ; 2 (2)                     ; 0                 ; 0          ; 0    ; 0            ; |top|dflipflop:D28   ; dflipflop    ; work         ;
;    |dflipflop:D29|         ; 2 (2)               ; 2 (2)                     ; 0                 ; 0          ; 0    ; 0            ; |top|dflipflop:D29   ; dflipflop    ; work         ;
;    |dflipflop:D2|          ; 2 (2)               ; 2 (2)                     ; 0                 ; 0          ; 0    ; 0            ; |top|dflipflop:D2    ; dflipflop    ; work         ;
;    |dflipflop:D30|         ; 2 (2)               ; 2 (2)                     ; 0                 ; 0          ; 0    ; 0            ; |top|dflipflop:D30   ; dflipflop    ; work         ;
;    |dflipflop:D31|         ; 2 (2)               ; 2 (2)                     ; 0                 ; 0          ; 0    ; 0            ; |top|dflipflop:D31   ; dflipflop    ; work         ;
;    |dflipflop:D32|         ; 2 (2)               ; 2 (2)                     ; 0                 ; 0          ; 0    ; 0            ; |top|dflipflop:D32   ; dflipflop    ; work         ;
;    |dflipflop:D33|         ; 2 (2)               ; 2 (2)                     ; 0                 ; 0          ; 0    ; 0            ; |top|dflipflop:D33   ; dflipflop    ; work         ;
;    |dflipflop:D34|         ; 2 (2)               ; 2 (2)                     ; 0                 ; 0          ; 0    ; 0            ; |top|dflipflop:D34   ; dflipflop    ; work         ;
;    |dflipflop:D35|         ; 2 (2)               ; 2 (2)                     ; 0                 ; 0          ; 0    ; 0            ; |top|dflipflop:D35   ; dflipflop    ; work         ;
;    |dflipflop:D36|         ; 2 (2)               ; 2 (2)                     ; 0                 ; 0          ; 0    ; 0            ; |top|dflipflop:D36   ; dflipflop    ; work         ;
;    |dflipflop:D37|         ; 1 (1)               ; 1 (1)                     ; 0                 ; 0          ; 0    ; 0            ; |top|dflipflop:D37   ; dflipflop    ; work         ;
;    |dflipflop:D3|          ; 2 (2)               ; 2 (2)                     ; 0                 ; 0          ; 0    ; 0            ; |top|dflipflop:D3    ; dflipflop    ; work         ;
;    |dflipflop:D4|          ; 2 (2)               ; 2 (2)                     ; 0                 ; 0          ; 0    ; 0            ; |top|dflipflop:D4    ; dflipflop    ; work         ;
;    |dflipflop:D5|          ; 2 (2)               ; 2 (2)                     ; 0                 ; 0          ; 0    ; 0            ; |top|dflipflop:D5    ; dflipflop    ; work         ;
;    |dflipflop:D6|          ; 2 (2)               ; 2 (2)                     ; 0                 ; 0          ; 0    ; 0            ; |top|dflipflop:D6    ; dflipflop    ; work         ;
;    |dflipflop:D7|          ; 2 (2)               ; 2 (2)                     ; 0                 ; 0          ; 0    ; 0            ; |top|dflipflop:D7    ; dflipflop    ; work         ;
;    |dflipflop:D8|          ; 1 (1)               ; 1 (1)                     ; 0                 ; 0          ; 0    ; 0            ; |top|dflipflop:D8    ; dflipflop    ; work         ;
;    |dflipflop:D9|          ; 1 (1)               ; 1 (1)                     ; 0                 ; 0          ; 0    ; 0            ; |top|dflipflop:D9    ; dflipflop    ; work         ;
+----------------------------+---------------------+---------------------------+-------------------+------------+------+--------------+----------------------+--------------+--------------+
Note: For table entries with two numbers listed, the numbers in parentheses indicate the number of resources of the given type used by the specific entity alone. The numbers listed outside of parentheses indicate the total resources of the given type used by the specific entity and all of its sub-entities in the hierarchy.


+---------------------------------------------------------------------+
; Registers Removed During Synthesis                                  ;
+---------------------------------------+-----------------------------+
; Register name                         ; Reason for Removal          ;
+---------------------------------------+-----------------------------+
; dflipflop:D37|Qn                      ; Merged with dflipflop:D37|Q ;
; Total Number of Removed Registers = 1 ;                             ;
+---------------------------------------+-----------------------------+


+------------------------------------------------------+
; General Register Statistics                          ;
+----------------------------------------------+-------+
; Statistic                                    ; Value ;
+----------------------------------------------+-------+
; Total registers                              ; 69    ;
; Number of registers using Synchronous Clear  ; 0     ;
; Number of registers using Synchronous Load   ; 0     ;
; Number of registers using Asynchronous Clear ; 69    ;
; Number of registers using Asynchronous Load  ; 0     ;
; Number of registers using Clock Enable       ; 0     ;
; Number of registers using Preset             ; 0     ;
+----------------------------------------------+-------+


+---------------------------------------------------+
; Inverted Register Statistics                      ;
+-----------------------------------------+---------+
; Inverted Register                       ; Fan out ;
+-----------------------------------------+---------+
; dflipflop:D28|Qn                        ; 4       ;
; dflipflop:D27|Qn                        ; 4       ;
; dflipflop:D29|Qn                        ; 4       ;
; dflipflop:D30|Qn                        ; 4       ;
; dflipflop:D31|Qn                        ; 4       ;
; dflipflop:D32|Qn                        ; 4       ;
; dflipflop:D33|Qn                        ; 4       ;
; dflipflop:D34|Qn                        ; 4       ;
; dflipflop:D35|Qn                        ; 4       ;
; dflipflop:D36|Qn                        ; 3       ;
; dflipflop:D15|Qn                        ; 4       ;
; dflipflop:D14|Qn                        ; 4       ;
; dflipflop:D13|Qn                        ; 3       ;
; dflipflop:D16|Qn                        ; 4       ;
; dflipflop:D17|Qn                        ; 4       ;
; dflipflop:D19|Qn                        ; 4       ;
; dflipflop:D18|Qn                        ; 4       ;
; dflipflop:D20|Qn                        ; 4       ;
; dflipflop:D21|Qn                        ; 4       ;
; dflipflop:D23|Qn                        ; 4       ;
; dflipflop:D22|Qn                        ; 4       ;
; dflipflop:D24|Qn                        ; 4       ;
; dflipflop:D25|Qn                        ; 4       ;
; dflipflop:D26|Qn                        ; 4       ;
; dflipflop:D0|Qn                         ; 4       ;
; dflipflop:D1|Qn                         ; 4       ;
; dflipflop:D2|Qn                         ; 4       ;
; dflipflop:D3|Qn                         ; 4       ;
; dflipflop:D4|Qn                         ; 4       ;
; dflipflop:D5|Qn                         ; 4       ;
; dflipflop:D6|Qn                         ; 4       ;
; dflipflop:D7|Qn                         ; 3       ;
; dflipflop:D12|Qn                        ; 2       ;
; dflipflop:D11|Qn                        ; 2       ;
; dflipflop:D10|Qn                        ; 2       ;
; dflipflop:D9|Qn                         ; 2       ;
; dflipflop:D8|Qn                         ; 2       ;
; Total number of inverted registers = 37 ;         ;
+-----------------------------------------+---------+


+-----------------------------------------------------------------------------------------------------------------------------------------------+
; Multiplexer Restructuring Statistics (Restructuring Performed)                                                                                ;
+--------------------+-----------+---------------+----------------------+------------------------+------------+---------------------------------+
; Multiplexer Inputs ; Bus Width ; Baseline Area ; Area if Restructured ; Saving if Restructured ; Registered ; Example Multiplexer Output      ;
+--------------------+-----------+---------------+----------------------+------------------------+------------+---------------------------------+
; 16:1               ; 2 bits    ; 20 LEs        ; 16 LEs               ; 4 LEs                  ; No         ; |top|char_decoder:C2|HEX_OUT[4] ;
; 16:1               ; 2 bits    ; 20 LEs        ; 16 LEs               ; 4 LEs                  ; No         ; |top|char_decoder:C1|HEX_OUT[4] ;
; 16:1               ; 2 bits    ; 20 LEs        ; 16 LEs               ; 4 LEs                  ; No         ; |top|char_decoder:C0|HEX_OUT[4] ;
; 16:1               ; 2 bits    ; 20 LEs        ; 16 LEs               ; 4 LEs                  ; No         ; |top|char_decoder:C5|HEX_OUT[4] ;
; 16:1               ; 2 bits    ; 20 LEs        ; 16 LEs               ; 4 LEs                  ; No         ; |top|char_decoder:C4|HEX_OUT[4] ;
; 16:1               ; 2 bits    ; 20 LEs        ; 16 LEs               ; 4 LEs                  ; No         ; |top|char_decoder:C3|HEX_OUT[4] ;
+--------------------+-----------+---------------+----------------------+------------------------+------------+---------------------------------+


+----------------------------------------------------------------------------------------------------------------+
; Port Connectivity Checks: "dflipflop:D13"                                                                      ;
+------+--------+----------+-------------------------------------------------------------------------------------+
; Port ; Type   ; Severity ; Details                                                                             ;
+------+--------+----------+-------------------------------------------------------------------------------------+
; q    ; Output ; Info     ; Connected to dangling logic. Logic that only feeds a dangling port will be removed. ;
+------+--------+----------+-------------------------------------------------------------------------------------+


+----------------------------------------------------------------------------------------------------------------+
; Port Connectivity Checks: "dflipflop:D12"                                                                      ;
+------+--------+----------+-------------------------------------------------------------------------------------+
; Port ; Type   ; Severity ; Details                                                                             ;
+------+--------+----------+-------------------------------------------------------------------------------------+
; q    ; Output ; Info     ; Connected to dangling logic. Logic that only feeds a dangling port will be removed. ;
+------+--------+----------+-------------------------------------------------------------------------------------+


+----------------------------------------------------------------------------------------------------------------+
; Port Connectivity Checks: "dflipflop:D11"                                                                      ;
+------+--------+----------+-------------------------------------------------------------------------------------+
; Port ; Type   ; Severity ; Details                                                                             ;
+------+--------+----------+-------------------------------------------------------------------------------------+
; q    ; Output ; Info     ; Connected to dangling logic. Logic that only feeds a dangling port will be removed. ;
+------+--------+----------+-------------------------------------------------------------------------------------+


+----------------------------------------------------------------------------------------------------------------+
; Port Connectivity Checks: "dflipflop:D10"                                                                      ;
+------+--------+----------+-------------------------------------------------------------------------------------+
; Port ; Type   ; Severity ; Details                                                                             ;
+------+--------+----------+-------------------------------------------------------------------------------------+
; q    ; Output ; Info     ; Connected to dangling logic. Logic that only feeds a dangling port will be removed. ;
+------+--------+----------+-------------------------------------------------------------------------------------+


+----------------------------------------------------------------------------------------------------------------+
; Port Connectivity Checks: "dflipflop:D9"                                                                       ;
+------+--------+----------+-------------------------------------------------------------------------------------+
; Port ; Type   ; Severity ; Details                                                                             ;
+------+--------+----------+-------------------------------------------------------------------------------------+
; q    ; Output ; Info     ; Connected to dangling logic. Logic that only feeds a dangling port will be removed. ;
+------+--------+----------+-------------------------------------------------------------------------------------+


+----------------------------------------------------------------------------------------------------------------+
; Port Connectivity Checks: "dflipflop:D8"                                                                       ;
+------+--------+----------+-------------------------------------------------------------------------------------+
; Port ; Type   ; Severity ; Details                                                                             ;
+------+--------+----------+-------------------------------------------------------------------------------------+
; q    ; Output ; Info     ; Connected to dangling logic. Logic that only feeds a dangling port will be removed. ;
+------+--------+----------+-------------------------------------------------------------------------------------+


+-----------------------------------------------------+
; Post-Synthesis Netlist Statistics for Top Partition ;
+-----------------------+-----------------------------+
; Type                  ; Count                       ;
+-----------------------+-----------------------------+
; arriav_ff             ; 69                          ;
;     CLR               ; 69                          ;
; arriav_lcell_comb     ; 111                         ;
;     normal            ; 111                         ;
;         1 data inputs ; 69                          ;
;         4 data inputs ; 42                          ;
; boundary_port         ; 66                          ;
;                       ;                             ;
; Max LUT depth         ; 1.00                        ;
; Average LUT depth     ; 0.95                        ;
+-----------------------+-----------------------------+


+-------------------------------+
; Elapsed Time Per Partition    ;
+----------------+--------------+
; Partition Name ; Elapsed Time ;
+----------------+--------------+
; Top            ; 00:00:00     ;
+----------------+--------------+


+-------------------------------+
; Analysis & Synthesis Messages ;
+-------------------------------+
Info: *******************************************************************
Info: Running Quartus Prime Analysis & Synthesis
    Info: Version 18.0.0 Build 614 04/24/2018 SJ Lite Edition
    Info: Processing started: Sat Feb 02 15:05:35 2019
Info: Command: quartus_map --read_settings_files=on --write_settings_files=off lab_9-1 -c top
Warning (18236): Number of processors has not been specified which may cause overloading on shared machines.  Set the global assignment NUM_PARALLEL_PROCESSORS in your QSF to an appropriate value for best performance.
Info (20030): Parallel compilation is enabled and will use 4 of the 4 processors detected
Info (12021): Found 2 design units, including 1 entities, in source file top.vhd
    Info (12022): Found design unit 1: top-top_arch File: C:/Users/Louis/Desktop/EELE 367/Lab 9-1/top.vhd Line: 18
    Info (12023): Found entity 1: top File: C:/Users/Louis/Desktop/EELE 367/Lab 9-1/top.vhd Line: 4
Info (12021): Found 2 design units, including 1 entities, in source file char_decoder.vhd
    Info (12022): Found design unit 1: char_decoder-char_decoder_arch File: C:/Users/Louis/Desktop/EELE 367/Lab 9-1/char_decoder.vhd Line: 9
    Info (12023): Found entity 1: char_decoder File: C:/Users/Louis/Desktop/EELE 367/Lab 9-1/char_decoder.vhd Line: 4
Info (12021): Found 2 design units, including 1 entities, in source file dflipflop.vhd
    Info (12022): Found design unit 1: dflipflop-dflipflop_arch File: C:/Users/Louis/Desktop/EELE 367/Lab 9-1/dflipflop.vhd Line: 12
    Info (12023): Found entity 1: dflipflop File: C:/Users/Louis/Desktop/EELE 367/Lab 9-1/dflipflop.vhd Line: 5
Info (12127): Elaborating entity "top" for the top level hierarchy
Info (12128): Elaborating entity "char_decoder" for hierarchy "char_decoder:C0" File: C:/Users/Louis/Desktop/EELE 367/Lab 9-1/top.vhd Line: 42
Info (12128): Elaborating entity "dflipflop" for hierarchy "dflipflop:D0" File: C:/Users/Louis/Desktop/EELE 367/Lab 9-1/top.vhd Line: 50
Info (286030): Timing-Driven Synthesis is running
Info (16010): Generating hard_block partition "hard_block:auto_generated_inst"
    Info (16011): Adding 0 node(s), including 0 DDIO, 0 PLL, 0 transceiver and 0 LCELL
Warning (21074): Design contains 4 input pin(s) that do not drive logic
    Warning (15610): No output dependent on input pin "SW[0]" File: C:/Users/Louis/Desktop/EELE 367/Lab 9-1/top.vhd Line: 7
    Warning (15610): No output dependent on input pin "SW[1]" File: C:/Users/Louis/Desktop/EELE 367/Lab 9-1/top.vhd Line: 7
    Warning (15610): No output dependent on input pin "SW[2]" File: C:/Users/Louis/Desktop/EELE 367/Lab 9-1/top.vhd Line: 7
    Warning (15610): No output dependent on input pin "SW[3]" File: C:/Users/Louis/Desktop/EELE 367/Lab 9-1/top.vhd Line: 7
Info (21057): Implemented 177 device resources after synthesis - the final resource count might be different
    Info (21058): Implemented 6 input pins
    Info (21059): Implemented 60 output pins
    Info (21061): Implemented 111 logic cells
Info: Quartus Prime Analysis & Synthesis was successful. 0 errors, 6 warnings
    Info: Peak virtual memory: 729 megabytes
    Info: Processing ended: Sat Feb 02 15:05:44 2019
    Info: Elapsed time: 00:00:09
    Info: Total CPU time (on all processors): 00:00:21


