Analysis & Synthesis report for top
Tue Mar 12 20:06:29 2019
Quartus Prime Version 18.0.0 Build 614 04/24/2018 SJ Lite Edition


---------------------
; Table of Contents ;
---------------------
  1. Legal Notice
  2. Analysis & Synthesis Summary
  3. Analysis & Synthesis Settings
  4. Parallel Compilation
  5. Analysis & Synthesis Source Files Read
  6. Analysis & Synthesis Resource Usage Summary
  7. Analysis & Synthesis Resource Utilization by Entity
  8. Registers Removed During Synthesis
  9. Removed Registers Triggering Further Register Optimizations
 10. General Register Statistics
 11. Inverted Register Statistics
 12. Multiplexer Restructuring Statistics (Restructuring Performed)
 13. Port Connectivity Checks: "char_decoder:C0"
 14. Post-Synthesis Netlist Statistics for Top Partition
 15. Elapsed Time Per Partition
 16. Analysis & Synthesis Messages



----------------
; Legal Notice ;
----------------
Copyright (C) 2018  Intel Corporation. All rights reserved.
Your use of Intel Corporation's design tools, logic functions 
and other software and tools, and its AMPP partner logic 
functions, and any output files from any of the foregoing 
(including device programming or simulation files), and any 
associated documentation or information are expressly subject 
to the terms and conditions of the Intel Program License 
Subscription Agreement, the Intel Quartus Prime License Agreement,
the Intel FPGA IP License Agreement, or other applicable license
agreement, including, without limitation, that your use is for
the sole purpose of programming logic devices manufactured by
Intel and sold by Intel or its authorized distributors.  Please
refer to the applicable agreement for further details.



+-------------------------------------------------------------------------------+
; Analysis & Synthesis Summary                                                  ;
+---------------------------------+---------------------------------------------+
; Analysis & Synthesis Status     ; Successful - Tue Mar 12 20:06:29 2019       ;
; Quartus Prime Version           ; 18.0.0 Build 614 04/24/2018 SJ Lite Edition ;
; Revision Name                   ; top                                         ;
; Top-level Entity Name           ; top                                         ;
; Family                          ; Cyclone V                                   ;
; Logic utilization (in ALMs)     ; N/A                                         ;
; Total registers                 ; 44                                          ;
; Total pins                      ; 71                                          ;
; Total virtual pins              ; 0                                           ;
; Total block memory bits         ; 0                                           ;
; Total DSP Blocks                ; 0                                           ;
; Total HSSI RX PCSs              ; 0                                           ;
; Total HSSI PMA RX Deserializers ; 0                                           ;
; Total HSSI TX PCSs              ; 0                                           ;
; Total HSSI PMA TX Serializers   ; 0                                           ;
; Total PLLs                      ; 0                                           ;
; Total DLLs                      ; 0                                           ;
+---------------------------------+---------------------------------------------+


+---------------------------------------------------------------------------------------------------------------------------+
; Analysis & Synthesis Settings                                                                                             ;
+---------------------------------------------------------------------------------+--------------------+--------------------+
; Option                                                                          ; Setting            ; Default Value      ;
+---------------------------------------------------------------------------------+--------------------+--------------------+
; Device                                                                          ; 5CEBA4F23C7        ;                    ;
; Top-level entity name                                                           ; top                ; top                ;
; Family name                                                                     ; Cyclone V          ; Cyclone V          ;
; Use smart compilation                                                           ; Off                ; Off                ;
; Enable parallel Assembler and Timing Analyzer during compilation                ; On                 ; On                 ;
; Enable compact report table                                                     ; Off                ; Off                ;
; Restructure Multiplexers                                                        ; Auto               ; Auto               ;
; MLAB Add Timing Constraints For Mixed-Port Feed-Through Mode Setting Don't Care ; Off                ; Off                ;
; Create Debugging Nodes for IP Cores                                             ; Off                ; Off                ;
; Preserve fewer node names                                                       ; On                 ; On                 ;
; Intel FPGA IP Evaluation Mode                                                   ; Enable             ; Enable             ;
; Verilog Version                                                                 ; Verilog_2001       ; Verilog_2001       ;
; VHDL Version                                                                    ; VHDL_1993          ; VHDL_1993          ;
; State Machine Processing                                                        ; Auto               ; Auto               ;
; Safe State Machine                                                              ; Off                ; Off                ;
; Extract Verilog State Machines                                                  ; On                 ; On                 ;
; Extract VHDL State Machines                                                     ; On                 ; On                 ;
; Ignore Verilog initial constructs                                               ; Off                ; Off                ;
; Iteration limit for constant Verilog loops                                      ; 5000               ; 5000               ;
; Iteration limit for non-constant Verilog loops                                  ; 250                ; 250                ;
; Add Pass-Through Logic to Inferred RAMs                                         ; On                 ; On                 ;
; Infer RAMs from Raw Logic                                                       ; On                 ; On                 ;
; Parallel Synthesis                                                              ; On                 ; On                 ;
; DSP Block Balancing                                                             ; Auto               ; Auto               ;
; NOT Gate Push-Back                                                              ; On                 ; On                 ;
; Power-Up Don't Care                                                             ; On                 ; On                 ;
; Remove Redundant Logic Cells                                                    ; Off                ; Off                ;
; Remove Duplicate Registers                                                      ; On                 ; On                 ;
; Ignore CARRY Buffers                                                            ; Off                ; Off                ;
; Ignore CASCADE Buffers                                                          ; Off                ; Off                ;
; Ignore GLOBAL Buffers                                                           ; Off                ; Off                ;
; Ignore ROW GLOBAL Buffers                                                       ; Off                ; Off                ;
; Ignore LCELL Buffers                                                            ; Off                ; Off                ;
; Ignore SOFT Buffers                                                             ; On                 ; On                 ;
; Limit AHDL Integers to 32 Bits                                                  ; Off                ; Off                ;
; Optimization Technique                                                          ; Balanced           ; Balanced           ;
; Carry Chain Length                                                              ; 70                 ; 70                 ;
; Auto Carry Chains                                                               ; On                 ; On                 ;
; Auto Open-Drain Pins                                                            ; On                 ; On                 ;
; Perform WYSIWYG Primitive Resynthesis                                           ; Off                ; Off                ;
; Auto ROM Replacement                                                            ; On                 ; On                 ;
; Auto RAM Replacement                                                            ; On                 ; On                 ;
; Auto DSP Block Replacement                                                      ; On                 ; On                 ;
; Auto Shift Register Replacement                                                 ; Auto               ; Auto               ;
; Allow Shift Register Merging across Hierarchies                                 ; Auto               ; Auto               ;
; Auto Clock Enable Replacement                                                   ; On                 ; On                 ;
; Strict RAM Replacement                                                          ; Off                ; Off                ;
; Allow Synchronous Control Signals                                               ; On                 ; On                 ;
; Force Use of Synchronous Clear Signals                                          ; Off                ; Off                ;
; Auto Resource Sharing                                                           ; Off                ; Off                ;
; Allow Any RAM Size For Recognition                                              ; Off                ; Off                ;
; Allow Any ROM Size For Recognition                                              ; Off                ; Off                ;
; Allow Any Shift Register Size For Recognition                                   ; Off                ; Off                ;
; Use LogicLock Constraints during Resource Balancing                             ; On                 ; On                 ;
; Ignore translate_off and synthesis_off directives                               ; Off                ; Off                ;
; Timing-Driven Synthesis                                                         ; On                 ; On                 ;
; Report Parameter Settings                                                       ; On                 ; On                 ;
; Report Source Assignments                                                       ; On                 ; On                 ;
; Report Connectivity Checks                                                      ; On                 ; On                 ;
; Ignore Maximum Fan-Out Assignments                                              ; Off                ; Off                ;
; Synchronization Register Chain Length                                           ; 3                  ; 3                  ;
; Power Optimization During Synthesis                                             ; Normal compilation ; Normal compilation ;
; HDL message level                                                               ; Level2             ; Level2             ;
; Suppress Register Optimization Related Messages                                 ; Off                ; Off                ;
; Number of Removed Registers Reported in Synthesis Report                        ; 5000               ; 5000               ;
; Number of Swept Nodes Reported in Synthesis Report                              ; 5000               ; 5000               ;
; Number of Inverted Registers Reported in Synthesis Report                       ; 100                ; 100                ;
; Clock MUX Protection                                                            ; On                 ; On                 ;
; Auto Gated Clock Conversion                                                     ; Off                ; Off                ;
; Block Design Naming                                                             ; Auto               ; Auto               ;
; SDC constraint protection                                                       ; Off                ; Off                ;
; Synthesis Effort                                                                ; Auto               ; Auto               ;
; Shift Register Replacement - Allow Asynchronous Clear Signal                    ; On                 ; On                 ;
; Pre-Mapping Resynthesis Optimization                                            ; Off                ; Off                ;
; Analysis & Synthesis Message Level                                              ; Medium             ; Medium             ;
; Disable Register Merging Across Hierarchies                                     ; Auto               ; Auto               ;
; Resource Aware Inference For Block RAM                                          ; On                 ; On                 ;
; Automatic Parallel Synthesis                                                    ; On                 ; On                 ;
; Partial Reconfiguration Bitstream ID                                            ; Off                ; Off                ;
+---------------------------------------------------------------------------------+--------------------+--------------------+


+------------------------------------------+
; Parallel Compilation                     ;
+----------------------------+-------------+
; Processors                 ; Number      ;
+----------------------------+-------------+
; Number detected on machine ; 8           ;
; Maximum allowed            ; 4           ;
;                            ;             ;
; Average used               ; 1.00        ;
; Maximum used               ; 4           ;
;                            ;             ;
; Usage by Processor         ; % Time Used ;
;     Processor 1            ; 100.0%      ;
;     Processors 2-4         ;   0.0%      ;
+----------------------------+-------------+


+--------------------------------------------------------------------------------------------------------------------------------------------------------+
; Analysis & Synthesis Source Files Read                                                                                                                 ;
+----------------------------------+-----------------+-----------------+-----------------------------------------------------------------------+---------+
; File Name with User-Entered Path ; Used in Netlist ; File Type       ; File Name with Absolute Path                                          ; Library ;
+----------------------------------+-----------------+-----------------+-----------------------------------------------------------------------+---------+
; top.vhd                          ; yes             ; User VHDL File  ; C:/Users/Louis/Desktop/EELE 367/Module 10/Lab 10-1/top.vhd            ;         ;
; char_decoder.vhd                 ; yes             ; User VHDL File  ; C:/Users/Louis/Desktop/EELE 367/Module 10/Lab 10-1/char_decoder.vhd   ;         ;
; clock_div_prec.vhd               ; yes             ; User VHDL File  ; C:/Users/Louis/Desktop/EELE 367/Module 10/Lab 10-1/clock_div_prec.vhd ;         ;
; rom_64x8_sync.vhd                ; yes             ; User VHDL File  ; C:/Users/Louis/Desktop/EELE 367/Module 10/Lab 10-1/rom_64x8_sync.vhd  ;         ;
+----------------------------------+-----------------+-----------------+-----------------------------------------------------------------------+---------+


+------------------------------------------------------------+
; Analysis & Synthesis Resource Usage Summary                ;
+---------------------------------------------+--------------+
; Resource                                    ; Usage        ;
+---------------------------------------------+--------------+
; Estimate of Logic utilization (ALMs needed) ; 50           ;
;                                             ;              ;
; Combinational ALUT usage for logic          ; 88           ;
;     -- 7 input functions                    ; 0            ;
;     -- 6 input functions                    ; 11           ;
;     -- 5 input functions                    ; 8            ;
;     -- 4 input functions                    ; 17           ;
;     -- <=3 input functions                  ; 52           ;
;                                             ;              ;
; Dedicated logic registers                   ; 44           ;
;                                             ;              ;
; I/O pins                                    ; 71           ;
;                                             ;              ;
; Total DSP Blocks                            ; 0            ;
;                                             ;              ;
; Maximum fan-out node                        ; Clock1~input ;
; Maximum fan-out                             ; 34           ;
; Total fan-out                               ; 547          ;
; Average fan-out                             ; 2.00         ;
+---------------------------------------------+--------------+


+-------------------------------------------------------------------------------------------------------------------------------------------------------------------------------------------------+
; Analysis & Synthesis Resource Utilization by Entity                                                                                                                                             ;
+----------------------------+---------------------+---------------------------+-------------------+------------+------+--------------+---------------------------+----------------+--------------+
; Compilation Hierarchy Node ; Combinational ALUTs ; Dedicated Logic Registers ; Block Memory Bits ; DSP Blocks ; Pins ; Virtual Pins ; Full Hierarchy Name       ; Entity Name    ; Library Name ;
+----------------------------+---------------------+---------------------------+-------------------+------------+------+--------------+---------------------------+----------------+--------------+
; |top                       ; 88 (8)              ; 44 (6)                    ; 0                 ; 0          ; 71   ; 0            ; |top                      ; top            ; work         ;
;    |char_decoder:C0|       ; 3 (3)               ; 0 (0)                     ; 0                 ; 0          ; 0    ; 0            ; |top|char_decoder:C0      ; char_decoder   ; work         ;
;    |char_decoder:C1|       ; 7 (7)               ; 0 (0)                     ; 0                 ; 0          ; 0    ; 0            ; |top|char_decoder:C1      ; char_decoder   ; work         ;
;    |char_decoder:C5|       ; 7 (7)               ; 0 (0)                     ; 0                 ; 0          ; 0    ; 0            ; |top|char_decoder:C5      ; char_decoder   ; work         ;
;    |clock_div_prec:Tick0|  ; 59 (59)             ; 34 (34)                   ; 0                 ; 0          ; 0    ; 0            ; |top|clock_div_prec:Tick0 ; clock_div_prec ; work         ;
;    |rom_64x8_sync:ROM|     ; 4 (4)               ; 4 (4)                     ; 0                 ; 0          ; 0    ; 0            ; |top|rom_64x8_sync:ROM    ; rom_64x8_sync  ; work         ;
+----------------------------+---------------------+---------------------------+-------------------+------------+------+--------------+---------------------------+----------------+--------------+
Note: For table entries with two numbers listed, the numbers in parentheses indicate the number of resources of the given type used by the specific entity alone. The numbers listed outside of parentheses indicate the total resources of the given type used by the specific entity and all of its sub-entities in the hierarchy.


+------------------------------------------------------------------------------------+
; Registers Removed During Synthesis                                                 ;
+----------------------------------------+-------------------------------------------+
; Register name                          ; Reason for Removal                        ;
+----------------------------------------+-------------------------------------------+
; bab[5]                                 ; Merged with addy[5]                       ;
; bab[4]                                 ; Merged with addy[4]                       ;
; bab[3]                                 ; Merged with addy[3]                       ;
; bab[2]                                 ; Merged with addy[2]                       ;
; bab[1]                                 ; Merged with addy[1]                       ;
; bab[0]                                 ; Merged with addy[0]                       ;
; rom_64x8_sync:ROM|data_out[3]          ; Merged with rom_64x8_sync:ROM|data_out[7] ;
; rom_64x8_sync:ROM|data_out[2]          ; Merged with rom_64x8_sync:ROM|data_out[6] ;
; rom_64x8_sync:ROM|data_out[1]          ; Merged with rom_64x8_sync:ROM|data_out[5] ;
; rom_64x8_sync:ROM|data_out[0]          ; Merged with rom_64x8_sync:ROM|data_out[4] ;
; bab[6..31]                             ; Lost fanout                               ;
; Total Number of Removed Registers = 36 ;                                           ;
+----------------------------------------+-------------------------------------------+


+-----------------------------------------------------------------------------------------------------------------------------------------+
; Removed Registers Triggering Further Register Optimizations                                                                             ;
+---------------+--------------------+----------------------------------------------------------------------------------------------------+
; Register name ; Reason for Removal ; Registers Removed due to This Register                                                             ;
+---------------+--------------------+----------------------------------------------------------------------------------------------------+
; bab[31]       ; Lost Fanouts       ; bab[30], bab[29], bab[28], bab[27], bab[26], bab[25], bab[24], bab[23], bab[22], bab[21], bab[20], ;
;               ;                    ; bab[19], bab[18], bab[17], bab[16], bab[15], bab[14], bab[13], bab[12], bab[11], bab[10], bab[9],  ;
;               ;                    ; bab[8], bab[7], bab[6]                                                                             ;
+---------------+--------------------+----------------------------------------------------------------------------------------------------+


+------------------------------------------------------+
; General Register Statistics                          ;
+----------------------------------------------+-------+
; Statistic                                    ; Value ;
+----------------------------------------------+-------+
; Total registers                              ; 44    ;
; Number of registers using Synchronous Clear  ; 35    ;
; Number of registers using Synchronous Load   ; 0     ;
; Number of registers using Asynchronous Clear ; 34    ;
; Number of registers using Asynchronous Load  ; 0     ;
; Number of registers using Clock Enable       ; 2     ;
; Number of registers using Preset             ; 0     ;
+----------------------------------------------+-------+


+--------------------------------------------------+
; Inverted Register Statistics                     ;
+----------------------------------------+---------+
; Inverted Register                      ; Fan out ;
+----------------------------------------+---------+
; addy[0]                                ; 11      ;
; Total number of inverted registers = 1 ;         ;
+----------------------------------------+---------+


+---------------------------------------------------------------------------------------------------------------------------------------------------+
; Multiplexer Restructuring Statistics (Restructuring Performed)                                                                                    ;
+--------------------+-----------+---------------+----------------------+------------------------+------------+-------------------------------------+
; Multiplexer Inputs ; Bus Width ; Baseline Area ; Area if Restructured ; Saving if Restructured ; Registered ; Example Multiplexer Output          ;
+--------------------+-----------+---------------+----------------------+------------------------+------------+-------------------------------------+
; 9:1                ; 30 bits   ; 180 LEs       ; 0 LEs                ; 180 LEs                ; Yes        ; |top|clock_div_prec:Tick0|count[21] ;
; 29:1               ; 2 bits    ; 38 LEs        ; 38 LEs               ; 0 LEs                  ; Yes        ; |top|rom_64x8_sync:ROM|data_out[6]  ;
; 9:1                ; 2 bits    ; 12 LEs        ; 2 LEs                ; 10 LEs                 ; Yes        ; |top|clock_div_prec:Tick0|count[31] ;
; 3:1                ; 2 bits    ; 4 LEs         ; 4 LEs                ; 0 LEs                  ; No         ; |top|char_decoder:C0|HEX_OUT[4]     ;
+--------------------+-----------+---------------+----------------------+------------------------+------------+-------------------------------------+


+------------------------------------------------+
; Port Connectivity Checks: "char_decoder:C0"    ;
+--------------+-------+----------+--------------+
; Port         ; Type  ; Severity ; Details      ;
+--------------+-------+----------+--------------+
; bin_in[3..2] ; Input ; Info     ; Stuck at GND ;
+--------------+-------+----------+--------------+


+-----------------------------------------------------+
; Post-Synthesis Netlist Statistics for Top Partition ;
+-----------------------+-----------------------------+
; Type                  ; Count                       ;
+-----------------------+-----------------------------+
; arriav_ff             ; 44                          ;
;     CLR               ; 2                           ;
;     CLR SCLR          ; 30                          ;
;     ENA CLR           ; 2                           ;
;     SCLR              ; 5                           ;
;     plain             ; 5                           ;
; arriav_lcell_comb     ; 92                          ;
;     arith             ; 38                          ;
;         1 data inputs ; 38                          ;
;     normal            ; 54                          ;
;         0 data inputs ; 2                           ;
;         1 data inputs ; 5                           ;
;         2 data inputs ; 10                          ;
;         3 data inputs ; 1                           ;
;         4 data inputs ; 17                          ;
;         5 data inputs ; 8                           ;
;         6 data inputs ; 11                          ;
; boundary_port         ; 71                          ;
;                       ;                             ;
; Max LUT depth         ; 5.10                        ;
; Average LUT depth     ; 3.00                        ;
+-----------------------+-----------------------------+


+-------------------------------+
; Elapsed Time Per Partition    ;
+----------------+--------------+
; Partition Name ; Elapsed Time ;
+----------------+--------------+
; Top            ; 00:00:00     ;
+----------------+--------------+


+-------------------------------+
; Analysis & Synthesis Messages ;
+-------------------------------+
Info: *******************************************************************
Info: Running Quartus Prime Analysis & Synthesis
    Info: Version 18.0.0 Build 614 04/24/2018 SJ Lite Edition
    Info: Processing started: Tue Mar 12 20:06:19 2019
Info: Command: quartus_map --read_settings_files=on --write_settings_files=off lab_10-1 -c top
Warning (18236): Number of processors has not been specified which may cause overloading on shared machines.  Set the global assignment NUM_PARALLEL_PROCESSORS in your QSF to an appropriate value for best performance.
Info (20030): Parallel compilation is enabled and will use 4 of the 4 processors detected
Info (12021): Found 2 design units, including 1 entities, in source file top.vhd
    Info (12022): Found design unit 1: top-top_arch File: C:/Users/Louis/Desktop/EELE 367/Module 10/Lab 10-1/top.vhd Line: 19
    Info (12023): Found entity 1: top File: C:/Users/Louis/Desktop/EELE 367/Module 10/Lab 10-1/top.vhd Line: 5
Info (12021): Found 2 design units, including 1 entities, in source file char_decoder.vhd
    Info (12022): Found design unit 1: char_decoder-char_decoder_arch File: C:/Users/Louis/Desktop/EELE 367/Module 10/Lab 10-1/char_decoder.vhd Line: 9
    Info (12023): Found entity 1: char_decoder File: C:/Users/Louis/Desktop/EELE 367/Module 10/Lab 10-1/char_decoder.vhd Line: 4
Info (12021): Found 2 design units, including 1 entities, in source file clock_div_prec.vhd
    Info (12022): Found design unit 1: clock_div_prec-clock_div_prec_arch File: C:/Users/Louis/Desktop/EELE 367/Module 10/Lab 10-1/clock_div_prec.vhd Line: 12
    Info (12023): Found entity 1: clock_div_prec File: C:/Users/Louis/Desktop/EELE 367/Module 10/Lab 10-1/clock_div_prec.vhd Line: 5
Info (12021): Found 2 design units, including 1 entities, in source file bcd.vhd
    Info (12022): Found design unit 1: BCD-BCD_arch File: C:/Users/Louis/Desktop/EELE 367/Module 10/Lab 10-1/BCD.vhd Line: 17
    Info (12023): Found entity 1: BCD File: C:/Users/Louis/Desktop/EELE 367/Module 10/Lab 10-1/BCD.vhd Line: 7
Info (12021): Found 2 design units, including 1 entities, in source file rom_64x8_sync.vhd
    Info (12022): Found design unit 1: rom_64x8_sync-rom_64x8_sync_arch File: C:/Users/Louis/Desktop/EELE 367/Module 10/Lab 10-1/rom_64x8_sync.vhd Line: 11
    Info (12023): Found entity 1: rom_64x8_sync File: C:/Users/Louis/Desktop/EELE 367/Module 10/Lab 10-1/rom_64x8_sync.vhd Line: 5
Info (12127): Elaborating entity "top" for the top level hierarchy
Warning (10873): Using initial value X (don't care) for net "LEDR[9..1]" at top.vhd(15) File: C:/Users/Louis/Desktop/EELE 367/Module 10/Lab 10-1/top.vhd Line: 15
Info (12128): Elaborating entity "clock_div_prec" for hierarchy "clock_div_prec:Tick0" File: C:/Users/Louis/Desktop/EELE 367/Module 10/Lab 10-1/top.vhd Line: 60
Info (12128): Elaborating entity "rom_64x8_sync" for hierarchy "rom_64x8_sync:ROM" File: C:/Users/Louis/Desktop/EELE 367/Module 10/Lab 10-1/top.vhd Line: 62
Info (12128): Elaborating entity "char_decoder" for hierarchy "char_decoder:C0" File: C:/Users/Louis/Desktop/EELE 367/Module 10/Lab 10-1/top.vhd Line: 86
Warning (13046): Tri-state node(s) do not directly drive top-level pin(s)
    Warning (13049): Converted tri-state buffer "ones[0]" feeding internal logic into a wire File: C:/Users/Louis/Desktop/EELE 367/Module 10/Lab 10-1/top.vhd Line: 28
    Warning (13049): Converted tri-state buffer "ones[1]" feeding internal logic into a wire File: C:/Users/Louis/Desktop/EELE 367/Module 10/Lab 10-1/top.vhd Line: 28
    Warning (13049): Converted tri-state buffer "ones[2]" feeding internal logic into a wire File: C:/Users/Louis/Desktop/EELE 367/Module 10/Lab 10-1/top.vhd Line: 28
    Warning (13049): Converted tri-state buffer "ones[3]" feeding internal logic into a wire File: C:/Users/Louis/Desktop/EELE 367/Module 10/Lab 10-1/top.vhd Line: 28
Warning (13024): Output pins are stuck at VCC or GND
    Warning (13410): Pin "HEX2[0]" is stuck at GND File: C:/Users/Louis/Desktop/EELE 367/Module 10/Lab 10-1/top.vhd Line: 11
    Warning (13410): Pin "HEX2[1]" is stuck at GND File: C:/Users/Louis/Desktop/EELE 367/Module 10/Lab 10-1/top.vhd Line: 11
    Warning (13410): Pin "HEX2[2]" is stuck at GND File: C:/Users/Louis/Desktop/EELE 367/Module 10/Lab 10-1/top.vhd Line: 11
    Warning (13410): Pin "HEX2[3]" is stuck at GND File: C:/Users/Louis/Desktop/EELE 367/Module 10/Lab 10-1/top.vhd Line: 11
    Warning (13410): Pin "HEX2[4]" is stuck at GND File: C:/Users/Louis/Desktop/EELE 367/Module 10/Lab 10-1/top.vhd Line: 11
    Warning (13410): Pin "HEX2[5]" is stuck at GND File: C:/Users/Louis/Desktop/EELE 367/Module 10/Lab 10-1/top.vhd Line: 11
    Warning (13410): Pin "HEX2[6]" is stuck at VCC File: C:/Users/Louis/Desktop/EELE 367/Module 10/Lab 10-1/top.vhd Line: 11
    Warning (13410): Pin "HEX3[0]" is stuck at GND File: C:/Users/Louis/Desktop/EELE 367/Module 10/Lab 10-1/top.vhd Line: 12
    Warning (13410): Pin "HEX3[1]" is stuck at GND File: C:/Users/Louis/Desktop/EELE 367/Module 10/Lab 10-1/top.vhd Line: 12
    Warning (13410): Pin "HEX3[2]" is stuck at GND File: C:/Users/Louis/Desktop/EELE 367/Module 10/Lab 10-1/top.vhd Line: 12
    Warning (13410): Pin "HEX3[3]" is stuck at GND File: C:/Users/Louis/Desktop/EELE 367/Module 10/Lab 10-1/top.vhd Line: 12
    Warning (13410): Pin "HEX3[4]" is stuck at GND File: C:/Users/Louis/Desktop/EELE 367/Module 10/Lab 10-1/top.vhd Line: 12
    Warning (13410): Pin "HEX3[5]" is stuck at GND File: C:/Users/Louis/Desktop/EELE 367/Module 10/Lab 10-1/top.vhd Line: 12
    Warning (13410): Pin "HEX3[6]" is stuck at VCC File: C:/Users/Louis/Desktop/EELE 367/Module 10/Lab 10-1/top.vhd Line: 12
    Warning (13410): Pin "HEX5[1]" is stuck at GND File: C:/Users/Louis/Desktop/EELE 367/Module 10/Lab 10-1/top.vhd Line: 14
    Warning (13410): Pin "LEDR[1]" is stuck at GND File: C:/Users/Louis/Desktop/EELE 367/Module 10/Lab 10-1/top.vhd Line: 15
    Warning (13410): Pin "LEDR[2]" is stuck at GND File: C:/Users/Louis/Desktop/EELE 367/Module 10/Lab 10-1/top.vhd Line: 15
    Warning (13410): Pin "LEDR[3]" is stuck at GND File: C:/Users/Louis/Desktop/EELE 367/Module 10/Lab 10-1/top.vhd Line: 15
    Warning (13410): Pin "LEDR[4]" is stuck at GND File: C:/Users/Louis/Desktop/EELE 367/Module 10/Lab 10-1/top.vhd Line: 15
    Warning (13410): Pin "LEDR[5]" is stuck at GND File: C:/Users/Louis/Desktop/EELE 367/Module 10/Lab 10-1/top.vhd Line: 15
    Warning (13410): Pin "LEDR[6]" is stuck at GND File: C:/Users/Louis/Desktop/EELE 367/Module 10/Lab 10-1/top.vhd Line: 15
    Warning (13410): Pin "LEDR[7]" is stuck at GND File: C:/Users/Louis/Desktop/EELE 367/Module 10/Lab 10-1/top.vhd Line: 15
    Warning (13410): Pin "LEDR[8]" is stuck at GND File: C:/Users/Louis/Desktop/EELE 367/Module 10/Lab 10-1/top.vhd Line: 15
    Warning (13410): Pin "LEDR[9]" is stuck at GND File: C:/Users/Louis/Desktop/EELE 367/Module 10/Lab 10-1/top.vhd Line: 15
Info (286030): Timing-Driven Synthesis is running
Critical Warning (18061): Ignored Power-Up Level option on the following registers
    Critical Warning (18010): Register clock_div_prec:Tick0|count[31] will power up to Low File: C:/Users/Louis/Desktop/EELE 367/Module 10/Lab 10-1/clock_div_prec.vhd Line: 24
    Critical Warning (18010): Register clock_div_prec:Tick0|count[0] will power up to Low File: C:/Users/Louis/Desktop/EELE 367/Module 10/Lab 10-1/clock_div_prec.vhd Line: 24
Info (17049): 26 registers lost all their fanouts during netlist optimizations.
Info (16010): Generating hard_block partition "hard_block:auto_generated_inst"
    Info (16011): Adding 0 node(s), including 0 DDIO, 0 PLL, 0 transceiver and 0 LCELL
Info (21057): Implemented 159 device resources after synthesis - the final resource count might be different
    Info (21058): Implemented 4 input pins
    Info (21059): Implemented 67 output pins
    Info (21061): Implemented 88 logic cells
Info: Quartus Prime Analysis & Synthesis was successful. 0 errors, 35 warnings
    Info: Peak virtual memory: 714 megabytes
    Info: Processing ended: Tue Mar 12 20:06:29 2019
    Info: Elapsed time: 00:00:10
    Info: Total CPU time (on all processors): 00:00:22


