Analysis & Synthesis report for Lab13
Wed Apr 17 17:32:21 2019
Quartus Prime Version 18.0.0 Build 614 04/24/2018 SJ Lite Edition


---------------------
; Table of Contents ;
---------------------
  1. Legal Notice
  2. Analysis & Synthesis Summary
  3. Analysis & Synthesis Settings
  4. Parallel Compilation
  5. Analysis & Synthesis Source Files Read
  6. Analysis & Synthesis Resource Usage Summary
  7. Analysis & Synthesis Resource Utilization by Entity
  8. Analysis & Synthesis RAM Summary
  9. State Machine - |computer|cpu:CPU_0|control_unit:control_unit_0|current_state
 10. User-Specified and Inferred Latches
 11. Registers Removed During Synthesis
 12. General Register Statistics
 13. Registers Packed Into Inferred Megafunctions
 14. Multiplexer Restructuring Statistics (Restructuring Performed)
 15. Source assignments for memory:memory_0|rw_96x8_sync:rw_96x8_sync_0|altsyncram:RW_rtl_0|altsyncram_m0q1:auto_generated
 16. Parameter Settings for Inferred Entity Instance: memory:memory_0|rw_96x8_sync:rw_96x8_sync_0|altsyncram:RW_rtl_0
 17. altsyncram Parameter Settings by Entity Instance
 18. Port Connectivity Checks: "memory:memory_0"
 19. Port Connectivity Checks: "char_decoder:C5"
 20. Port Connectivity Checks: "char_decoder:C4"
 21. Port Connectivity Checks: "char_decoder:C3"
 22. Port Connectivity Checks: "char_decoder:C2"
 23. Port Connectivity Checks: "char_decoder:C1"
 24. Port Connectivity Checks: "char_decoder:C0"
 25. Post-Synthesis Netlist Statistics for Top Partition
 26. Elapsed Time Per Partition
 27. Analysis & Synthesis Messages



----------------
; Legal Notice ;
----------------
Copyright (C) 2018  Intel Corporation. All rights reserved.
Your use of Intel Corporation's design tools, logic functions 
and other software and tools, and its AMPP partner logic 
functions, and any output files from any of the foregoing 
(including device programming or simulation files), and any 
associated documentation or information are expressly subject 
to the terms and conditions of the Intel Program License 
Subscription Agreement, the Intel Quartus Prime License Agreement,
the Intel FPGA IP License Agreement, or other applicable license
agreement, including, without limitation, that your use is for
the sole purpose of programming logic devices manufactured by
Intel and sold by Intel or its authorized distributors.  Please
refer to the applicable agreement for further details.



+-------------------------------------------------------------------------------+
; Analysis & Synthesis Summary                                                  ;
+---------------------------------+---------------------------------------------+
; Analysis & Synthesis Status     ; Successful - Wed Apr 17 17:32:21 2019       ;
; Quartus Prime Version           ; 18.0.0 Build 614 04/24/2018 SJ Lite Edition ;
; Revision Name                   ; Lab13                                       ;
; Top-level Entity Name           ; computer                                    ;
; Family                          ; Cyclone V                                   ;
; Logic utilization (in ALMs)     ; N/A                                         ;
; Total registers                 ; 220                                         ;
; Total pins                      ; 274                                         ;
; Total virtual pins              ; 0                                           ;
; Total block memory bits         ; 2,048                                       ;
; Total DSP Blocks                ; 0                                           ;
; Total HSSI RX PCSs              ; 0                                           ;
; Total HSSI PMA RX Deserializers ; 0                                           ;
; Total HSSI TX PCSs              ; 0                                           ;
; Total HSSI PMA TX Serializers   ; 0                                           ;
; Total PLLs                      ; 0                                           ;
; Total DLLs                      ; 0                                           ;
+---------------------------------+---------------------------------------------+


+---------------------------------------------------------------------------------------------------------------------------+
; Analysis & Synthesis Settings                                                                                             ;
+---------------------------------------------------------------------------------+--------------------+--------------------+
; Option                                                                          ; Setting            ; Default Value      ;
+---------------------------------------------------------------------------------+--------------------+--------------------+
; Device                                                                          ; 5CGXFC7C7F23C8     ;                    ;
; Top-level entity name                                                           ; computer           ; Lab13              ;
; Family name                                                                     ; Cyclone V          ; Cyclone V          ;
; Use smart compilation                                                           ; Off                ; Off                ;
; Enable parallel Assembler and Timing Analyzer during compilation                ; On                 ; On                 ;
; Enable compact report table                                                     ; Off                ; Off                ;
; Restructure Multiplexers                                                        ; Auto               ; Auto               ;
; MLAB Add Timing Constraints For Mixed-Port Feed-Through Mode Setting Don't Care ; Off                ; Off                ;
; Create Debugging Nodes for IP Cores                                             ; Off                ; Off                ;
; Preserve fewer node names                                                       ; On                 ; On                 ;
; Intel FPGA IP Evaluation Mode                                                   ; Enable             ; Enable             ;
; Verilog Version                                                                 ; Verilog_2001       ; Verilog_2001       ;
; VHDL Version                                                                    ; VHDL_1993          ; VHDL_1993          ;
; State Machine Processing                                                        ; Auto               ; Auto               ;
; Safe State Machine                                                              ; Off                ; Off                ;
; Extract Verilog State Machines                                                  ; On                 ; On                 ;
; Extract VHDL State Machines                                                     ; On                 ; On                 ;
; Ignore Verilog initial constructs                                               ; Off                ; Off                ;
; Iteration limit for constant Verilog loops                                      ; 5000               ; 5000               ;
; Iteration limit for non-constant Verilog loops                                  ; 250                ; 250                ;
; Add Pass-Through Logic to Inferred RAMs                                         ; On                 ; On                 ;
; Infer RAMs from Raw Logic                                                       ; On                 ; On                 ;
; Parallel Synthesis                                                              ; On                 ; On                 ;
; DSP Block Balancing                                                             ; Auto               ; Auto               ;
; NOT Gate Push-Back                                                              ; On                 ; On                 ;
; Power-Up Don't Care                                                             ; On                 ; On                 ;
; Remove Redundant Logic Cells                                                    ; Off                ; Off                ;
; Remove Duplicate Registers                                                      ; On                 ; On                 ;
; Ignore CARRY Buffers                                                            ; Off                ; Off                ;
; Ignore CASCADE Buffers                                                          ; Off                ; Off                ;
; Ignore GLOBAL Buffers                                                           ; Off                ; Off                ;
; Ignore ROW GLOBAL Buffers                                                       ; Off                ; Off                ;
; Ignore LCELL Buffers                                                            ; Off                ; Off                ;
; Ignore SOFT Buffers                                                             ; On                 ; On                 ;
; Limit AHDL Integers to 32 Bits                                                  ; Off                ; Off                ;
; Optimization Technique                                                          ; Balanced           ; Balanced           ;
; Carry Chain Length                                                              ; 70                 ; 70                 ;
; Auto Carry Chains                                                               ; On                 ; On                 ;
; Auto Open-Drain Pins                                                            ; On                 ; On                 ;
; Perform WYSIWYG Primitive Resynthesis                                           ; Off                ; Off                ;
; Auto ROM Replacement                                                            ; On                 ; On                 ;
; Auto RAM Replacement                                                            ; On                 ; On                 ;
; Auto DSP Block Replacement                                                      ; On                 ; On                 ;
; Auto Shift Register Replacement                                                 ; Auto               ; Auto               ;
; Allow Shift Register Merging across Hierarchies                                 ; Auto               ; Auto               ;
; Auto Clock Enable Replacement                                                   ; On                 ; On                 ;
; Strict RAM Replacement                                                          ; Off                ; Off                ;
; Allow Synchronous Control Signals                                               ; On                 ; On                 ;
; Force Use of Synchronous Clear Signals                                          ; Off                ; Off                ;
; Auto Resource Sharing                                                           ; Off                ; Off                ;
; Allow Any RAM Size For Recognition                                              ; Off                ; Off                ;
; Allow Any ROM Size For Recognition                                              ; Off                ; Off                ;
; Allow Any Shift Register Size For Recognition                                   ; Off                ; Off                ;
; Use LogicLock Constraints during Resource Balancing                             ; On                 ; On                 ;
; Ignore translate_off and synthesis_off directives                               ; Off                ; Off                ;
; Timing-Driven Synthesis                                                         ; On                 ; On                 ;
; Report Parameter Settings                                                       ; On                 ; On                 ;
; Report Source Assignments                                                       ; On                 ; On                 ;
; Report Connectivity Checks                                                      ; On                 ; On                 ;
; Ignore Maximum Fan-Out Assignments                                              ; Off                ; Off                ;
; Synchronization Register Chain Length                                           ; 3                  ; 3                  ;
; Power Optimization During Synthesis                                             ; Normal compilation ; Normal compilation ;
; HDL message level                                                               ; Level2             ; Level2             ;
; Suppress Register Optimization Related Messages                                 ; Off                ; Off                ;
; Number of Removed Registers Reported in Synthesis Report                        ; 5000               ; 5000               ;
; Number of Swept Nodes Reported in Synthesis Report                              ; 5000               ; 5000               ;
; Number of Inverted Registers Reported in Synthesis Report                       ; 100                ; 100                ;
; Clock MUX Protection                                                            ; On                 ; On                 ;
; Auto Gated Clock Conversion                                                     ; Off                ; Off                ;
; Block Design Naming                                                             ; Auto               ; Auto               ;
; SDC constraint protection                                                       ; Off                ; Off                ;
; Synthesis Effort                                                                ; Auto               ; Auto               ;
; Shift Register Replacement - Allow Asynchronous Clear Signal                    ; On                 ; On                 ;
; Pre-Mapping Resynthesis Optimization                                            ; Off                ; Off                ;
; Analysis & Synthesis Message Level                                              ; Medium             ; Medium             ;
; Disable Register Merging Across Hierarchies                                     ; Auto               ; Auto               ;
; Resource Aware Inference For Block RAM                                          ; On                 ; On                 ;
; Automatic Parallel Synthesis                                                    ; On                 ; On                 ;
; Partial Reconfiguration Bitstream ID                                            ; Off                ; Off                ;
+---------------------------------------------------------------------------------+--------------------+--------------------+


+------------------------------------------+
; Parallel Compilation                     ;
+----------------------------+-------------+
; Processors                 ; Number      ;
+----------------------------+-------------+
; Number detected on machine ; 8           ;
; Maximum allowed            ; 4           ;
;                            ;             ;
; Average used               ; 1.00        ;
; Maximum used               ; 4           ;
;                            ;             ;
; Usage by Processor         ; % Time Used ;
;     Processor 1            ; 100.0%      ;
;     Processors 2-4         ;   0.0%      ;
+----------------------------+-------------+


+----------------------------------------------------------------------------------------------------------------------------------------------------------------------------+
; Analysis & Synthesis Source Files Read                                                                                                                                     ;
+----------------------------------+-----------------+------------------------------+------------------------------------------------------------------------------+---------+
; File Name with User-Entered Path ; Used in Netlist ; File Type                    ; File Name with Absolute Path                                                 ; Library ;
+----------------------------------+-----------------+------------------------------+------------------------------------------------------------------------------+---------+
; rw_96x8_sync.vhd                 ; yes             ; User VHDL File               ; C:/Users/Louis/Desktop/EELE 367/Module 13_copy/rw_96x8_sync.vhd              ;         ;
; rom_128x8_sync.vhd               ; yes             ; User VHDL File               ; C:/Users/Louis/Desktop/EELE 367/Module 13_copy/rom_128x8_sync.vhd            ;         ;
; memory.vhd                       ; yes             ; User VHDL File               ; C:/Users/Louis/Desktop/EELE 367/Module 13_copy/memory.vhd                    ;         ;
; data_path.vhd                    ; yes             ; User VHDL File               ; C:/Users/Louis/Desktop/EELE 367/Module 13_copy/data_path.vhd                 ;         ;
; cpu.vhd                          ; yes             ; User VHDL File               ; C:/Users/Louis/Desktop/EELE 367/Module 13_copy/cpu.vhd                       ;         ;
; control_unit.vhd                 ; yes             ; User VHDL File               ; C:/Users/Louis/Desktop/EELE 367/Module 13_copy/control_unit.vhd              ;         ;
; computer.vhd                     ; yes             ; User VHDL File               ; C:/Users/Louis/Desktop/EELE 367/Module 13_copy/computer.vhd                  ;         ;
; alu.vhd                          ; yes             ; User VHDL File               ; C:/Users/Louis/Desktop/EELE 367/Module 13_copy/alu.vhd                       ;         ;
; char_decoder.vhd                 ; yes             ; User VHDL File               ; C:/Users/Louis/Desktop/EELE 367/Module 13_copy/char_decoder.vhd              ;         ;
; clock_div_prec.vhd               ; yes             ; User VHDL File               ; C:/Users/Louis/Desktop/EELE 367/Module 13_copy/clock_div_prec.vhd            ;         ;
; altsyncram.tdf                   ; yes             ; Megafunction                 ; c:/intelfpga_lite/18.0/quartus/libraries/megafunctions/altsyncram.tdf        ;         ;
; stratix_ram_block.inc            ; yes             ; Megafunction                 ; c:/intelfpga_lite/18.0/quartus/libraries/megafunctions/stratix_ram_block.inc ;         ;
; lpm_mux.inc                      ; yes             ; Megafunction                 ; c:/intelfpga_lite/18.0/quartus/libraries/megafunctions/lpm_mux.inc           ;         ;
; lpm_decode.inc                   ; yes             ; Megafunction                 ; c:/intelfpga_lite/18.0/quartus/libraries/megafunctions/lpm_decode.inc        ;         ;
; aglobal180.inc                   ; yes             ; Megafunction                 ; c:/intelfpga_lite/18.0/quartus/libraries/megafunctions/aglobal180.inc        ;         ;
; a_rdenreg.inc                    ; yes             ; Megafunction                 ; c:/intelfpga_lite/18.0/quartus/libraries/megafunctions/a_rdenreg.inc         ;         ;
; altrom.inc                       ; yes             ; Megafunction                 ; c:/intelfpga_lite/18.0/quartus/libraries/megafunctions/altrom.inc            ;         ;
; altram.inc                       ; yes             ; Megafunction                 ; c:/intelfpga_lite/18.0/quartus/libraries/megafunctions/altram.inc            ;         ;
; altdpram.inc                     ; yes             ; Megafunction                 ; c:/intelfpga_lite/18.0/quartus/libraries/megafunctions/altdpram.inc          ;         ;
; db/altsyncram_m0q1.tdf           ; yes             ; Auto-Generated Megafunction  ; C:/Users/Louis/Desktop/EELE 367/Module 13_copy/db/altsyncram_m0q1.tdf        ;         ;
+----------------------------------+-----------------+------------------------------+------------------------------------------------------------------------------+---------+


+------------------------------------------------------------+
; Analysis & Synthesis Resource Usage Summary                ;
+---------------------------------------------+--------------+
; Resource                                    ; Usage        ;
+---------------------------------------------+--------------+
; Estimate of Logic utilization (ALMs needed) ; 188          ;
;                                             ;              ;
; Combinational ALUT usage for logic          ; 266          ;
;     -- 7 input functions                    ; 0            ;
;     -- 6 input functions                    ; 91           ;
;     -- 5 input functions                    ; 38           ;
;     -- 4 input functions                    ; 61           ;
;     -- <=3 input functions                  ; 76           ;
;                                             ;              ;
; Dedicated logic registers                   ; 220          ;
;                                             ;              ;
; I/O pins                                    ; 274          ;
; Total MLAB memory bits                      ; 0            ;
; Total block memory bits                     ; 2048         ;
;                                             ;              ;
; Total DSP Blocks                            ; 0            ;
;                                             ;              ;
; Maximum fan-out node                        ; KEY[4]~input ;
; Maximum fan-out                             ; 212          ;
; Total fan-out                               ; 2533         ;
; Average fan-out                             ; 2.43         ;
+---------------------------------------------+--------------+


+---------------------------------------------------------------------------------------------------------------------------------------------------------------------------------------------------------------------------------------------------------------------------------------------------+
; Analysis & Synthesis Resource Utilization by Entity                                                                                                                                                                                                                                               ;
+----------------------------------------------+---------------------+---------------------------+-------------------+------------+------+--------------+----------------------------------------------------------------------------------------------------------+-----------------+--------------+
; Compilation Hierarchy Node                   ; Combinational ALUTs ; Dedicated Logic Registers ; Block Memory Bits ; DSP Blocks ; Pins ; Virtual Pins ; Full Hierarchy Name                                                                                      ; Entity Name     ; Library Name ;
+----------------------------------------------+---------------------+---------------------------+-------------------+------------+------+--------------+----------------------------------------------------------------------------------------------------------+-----------------+--------------+
; |computer                                    ; 266 (0)             ; 220 (0)                   ; 2048              ; 0          ; 274  ; 0            ; |computer                                                                                                ; computer        ; work         ;
;    |char_decoder:C0|                         ; 7 (7)               ; 0 (0)                     ; 0                 ; 0          ; 0    ; 0            ; |computer|char_decoder:C0                                                                                ; char_decoder    ; work         ;
;    |char_decoder:C1|                         ; 7 (7)               ; 0 (0)                     ; 0                 ; 0          ; 0    ; 0            ; |computer|char_decoder:C1                                                                                ; char_decoder    ; work         ;
;    |char_decoder:C2|                         ; 7 (7)               ; 0 (0)                     ; 0                 ; 0          ; 0    ; 0            ; |computer|char_decoder:C2                                                                                ; char_decoder    ; work         ;
;    |char_decoder:C3|                         ; 7 (7)               ; 0 (0)                     ; 0                 ; 0          ; 0    ; 0            ; |computer|char_decoder:C3                                                                                ; char_decoder    ; work         ;
;    |char_decoder:C4|                         ; 7 (7)               ; 0 (0)                     ; 0                 ; 0          ; 0    ; 0            ; |computer|char_decoder:C4                                                                                ; char_decoder    ; work         ;
;    |char_decoder:C5|                         ; 7 (7)               ; 0 (0)                     ; 0                 ; 0          ; 0    ; 0            ; |computer|char_decoder:C5                                                                                ; char_decoder    ; work         ;
;    |clock_div_prec:Tick0|                    ; 59 (59)             ; 34 (34)                   ; 0                 ; 0          ; 0    ; 0            ; |computer|clock_div_prec:Tick0                                                                           ; clock_div_prec  ; work         ;
;    |cpu:CPU_0|                               ; 127 (0)             ; 50 (0)                    ; 0                 ; 0          ; 0    ; 0            ; |computer|cpu:CPU_0                                                                                      ; cpu             ; work         ;
;       |control_unit:control_unit_0|          ; 31 (31)             ; 18 (18)                   ; 0                 ; 0          ; 0    ; 0            ; |computer|cpu:CPU_0|control_unit:control_unit_0                                                          ; control_unit    ; work         ;
;       |data_path:data_path_0|                ; 96 (96)             ; 32 (32)                   ; 0                 ; 0          ; 0    ; 0            ; |computer|cpu:CPU_0|data_path:data_path_0                                                                ; data_path       ; work         ;
;    |memory:memory_0|                         ; 38 (25)             ; 136 (128)                 ; 2048              ; 0          ; 0    ; 0            ; |computer|memory:memory_0                                                                                ; memory          ; work         ;
;       |rom_128x8_sync:rom_128x8_sync_0|      ; 10 (10)             ; 8 (8)                     ; 0                 ; 0          ; 0    ; 0            ; |computer|memory:memory_0|rom_128x8_sync:rom_128x8_sync_0                                                ; rom_128x8_sync  ; work         ;
;       |rw_96x8_sync:rw_96x8_sync_0|          ; 3 (3)               ; 0 (0)                     ; 2048              ; 0          ; 0    ; 0            ; |computer|memory:memory_0|rw_96x8_sync:rw_96x8_sync_0                                                    ; rw_96x8_sync    ; work         ;
;          |altsyncram:RW_rtl_0|               ; 0 (0)               ; 0 (0)                     ; 2048              ; 0          ; 0    ; 0            ; |computer|memory:memory_0|rw_96x8_sync:rw_96x8_sync_0|altsyncram:RW_rtl_0                                ; altsyncram      ; work         ;
;             |altsyncram_m0q1:auto_generated| ; 0 (0)               ; 0 (0)                     ; 2048              ; 0          ; 0    ; 0            ; |computer|memory:memory_0|rw_96x8_sync:rw_96x8_sync_0|altsyncram:RW_rtl_0|altsyncram_m0q1:auto_generated ; altsyncram_m0q1 ; work         ;
+----------------------------------------------+---------------------+---------------------------+-------------------+------------+------+--------------+----------------------------------------------------------------------------------------------------------+-----------------+--------------+
Note: For table entries with two numbers listed, the numbers in parentheses indicate the number of resources of the given type used by the specific entity alone. The numbers listed outside of parentheses indicate the total resources of the given type used by the specific entity and all of its sub-entities in the hierarchy.


+---------------------------------------------------------------------------------------------------------------------------------------------------------------------------------------------------------------+
; Analysis & Synthesis RAM Summary                                                                                                                                                                              ;
+-----------------------------------------------------------------------------------------------------------+------+------------------+--------------+--------------+--------------+--------------+------+------+
; Name                                                                                                      ; Type ; Mode             ; Port A Depth ; Port A Width ; Port B Depth ; Port B Width ; Size ; MIF  ;
+-----------------------------------------------------------------------------------------------------------+------+------------------+--------------+--------------+--------------+--------------+------+------+
; memory:memory_0|rw_96x8_sync:rw_96x8_sync_0|altsyncram:RW_rtl_0|altsyncram_m0q1:auto_generated|ALTSYNCRAM ; AUTO ; Simple Dual Port ; 256          ; 8            ; 256          ; 8            ; 2048 ; None ;
+-----------------------------------------------------------------------------------------------------------+------+------------------+--------------+--------------+--------------+--------------+------+------+


Encoding Type:  One-Hot
+------------------------------------------------------------------------------------------------------------------------------------------------------------------------------------------------------------------------------------------------------------------------------------------------------------------------------------------------------------------------------------------------------------------------------------------------------------------------------------------------------------------------------------------------------------+
; State Machine - |computer|cpu:CPU_0|control_unit:control_unit_0|current_state                                                                                                                                                                                                                                                                                                                                                                                                                                                                              ;
+---------------------------+-----------------------+-----------------------+-----------------------+---------------------------+---------------------------+---------------------------+---------------------------+---------------------------+---------------------------+---------------------------+---------------------------+---------------------------+---------------------------+---------------------------+---------------------------+--------------------------+-------------------------+-------------------------+-------------------------+
; Name                      ; current_state.S_BRA_6 ; current_state.S_BRA_5 ; current_state.S_BRA_4 ; current_state.S_STA_DIR_7 ; current_state.S_STA_DIR_6 ; current_state.S_STA_DIR_5 ; current_state.S_STA_DIR_4 ; current_state.S_LDA_IMM_6 ; current_state.S_LDA_IMM_5 ; current_state.S_LDA_IMM_4 ; current_state.S_LDA_DIR_8 ; current_state.S_LDA_DIR_7 ; current_state.S_LDA_DIR_6 ; current_state.S_LDA_DIR_5 ; current_state.S_LDA_DIR_4 ; current_state.S_DECODE_3 ; current_state.S_FETCH_2 ; current_state.S_FETCH_1 ; current_state.S_FETCH_0 ;
+---------------------------+-----------------------+-----------------------+-----------------------+---------------------------+---------------------------+---------------------------+---------------------------+---------------------------+---------------------------+---------------------------+---------------------------+---------------------------+---------------------------+---------------------------+---------------------------+--------------------------+-------------------------+-------------------------+-------------------------+
; current_state.S_FETCH_0   ; 0                     ; 0                     ; 0                     ; 0                         ; 0                         ; 0                         ; 0                         ; 0                         ; 0                         ; 0                         ; 0                         ; 0                         ; 0                         ; 0                         ; 0                         ; 0                        ; 0                       ; 0                       ; 0                       ;
; current_state.S_FETCH_1   ; 0                     ; 0                     ; 0                     ; 0                         ; 0                         ; 0                         ; 0                         ; 0                         ; 0                         ; 0                         ; 0                         ; 0                         ; 0                         ; 0                         ; 0                         ; 0                        ; 0                       ; 1                       ; 1                       ;
; current_state.S_FETCH_2   ; 0                     ; 0                     ; 0                     ; 0                         ; 0                         ; 0                         ; 0                         ; 0                         ; 0                         ; 0                         ; 0                         ; 0                         ; 0                         ; 0                         ; 0                         ; 0                        ; 1                       ; 0                       ; 1                       ;
; current_state.S_DECODE_3  ; 0                     ; 0                     ; 0                     ; 0                         ; 0                         ; 0                         ; 0                         ; 0                         ; 0                         ; 0                         ; 0                         ; 0                         ; 0                         ; 0                         ; 0                         ; 1                        ; 0                       ; 0                       ; 1                       ;
; current_state.S_LDA_DIR_4 ; 0                     ; 0                     ; 0                     ; 0                         ; 0                         ; 0                         ; 0                         ; 0                         ; 0                         ; 0                         ; 0                         ; 0                         ; 0                         ; 0                         ; 1                         ; 0                        ; 0                       ; 0                       ; 1                       ;
; current_state.S_LDA_DIR_5 ; 0                     ; 0                     ; 0                     ; 0                         ; 0                         ; 0                         ; 0                         ; 0                         ; 0                         ; 0                         ; 0                         ; 0                         ; 0                         ; 1                         ; 0                         ; 0                        ; 0                       ; 0                       ; 1                       ;
; current_state.S_LDA_DIR_6 ; 0                     ; 0                     ; 0                     ; 0                         ; 0                         ; 0                         ; 0                         ; 0                         ; 0                         ; 0                         ; 0                         ; 0                         ; 1                         ; 0                         ; 0                         ; 0                        ; 0                       ; 0                       ; 1                       ;
; current_state.S_LDA_DIR_7 ; 0                     ; 0                     ; 0                     ; 0                         ; 0                         ; 0                         ; 0                         ; 0                         ; 0                         ; 0                         ; 0                         ; 1                         ; 0                         ; 0                         ; 0                         ; 0                        ; 0                       ; 0                       ; 1                       ;
; current_state.S_LDA_DIR_8 ; 0                     ; 0                     ; 0                     ; 0                         ; 0                         ; 0                         ; 0                         ; 0                         ; 0                         ; 0                         ; 1                         ; 0                         ; 0                         ; 0                         ; 0                         ; 0                        ; 0                       ; 0                       ; 1                       ;
; current_state.S_LDA_IMM_4 ; 0                     ; 0                     ; 0                     ; 0                         ; 0                         ; 0                         ; 0                         ; 0                         ; 0                         ; 1                         ; 0                         ; 0                         ; 0                         ; 0                         ; 0                         ; 0                        ; 0                       ; 0                       ; 1                       ;
; current_state.S_LDA_IMM_5 ; 0                     ; 0                     ; 0                     ; 0                         ; 0                         ; 0                         ; 0                         ; 0                         ; 1                         ; 0                         ; 0                         ; 0                         ; 0                         ; 0                         ; 0                         ; 0                        ; 0                       ; 0                       ; 1                       ;
; current_state.S_LDA_IMM_6 ; 0                     ; 0                     ; 0                     ; 0                         ; 0                         ; 0                         ; 0                         ; 1                         ; 0                         ; 0                         ; 0                         ; 0                         ; 0                         ; 0                         ; 0                         ; 0                        ; 0                       ; 0                       ; 1                       ;
; current_state.S_STA_DIR_4 ; 0                     ; 0                     ; 0                     ; 0                         ; 0                         ; 0                         ; 1                         ; 0                         ; 0                         ; 0                         ; 0                         ; 0                         ; 0                         ; 0                         ; 0                         ; 0                        ; 0                       ; 0                       ; 1                       ;
; current_state.S_STA_DIR_5 ; 0                     ; 0                     ; 0                     ; 0                         ; 0                         ; 1                         ; 0                         ; 0                         ; 0                         ; 0                         ; 0                         ; 0                         ; 0                         ; 0                         ; 0                         ; 0                        ; 0                       ; 0                       ; 1                       ;
; current_state.S_STA_DIR_6 ; 0                     ; 0                     ; 0                     ; 0                         ; 1                         ; 0                         ; 0                         ; 0                         ; 0                         ; 0                         ; 0                         ; 0                         ; 0                         ; 0                         ; 0                         ; 0                        ; 0                       ; 0                       ; 1                       ;
; current_state.S_STA_DIR_7 ; 0                     ; 0                     ; 0                     ; 1                         ; 0                         ; 0                         ; 0                         ; 0                         ; 0                         ; 0                         ; 0                         ; 0                         ; 0                         ; 0                         ; 0                         ; 0                        ; 0                       ; 0                       ; 1                       ;
; current_state.S_BRA_4     ; 0                     ; 0                     ; 1                     ; 0                         ; 0                         ; 0                         ; 0                         ; 0                         ; 0                         ; 0                         ; 0                         ; 0                         ; 0                         ; 0                         ; 0                         ; 0                        ; 0                       ; 0                       ; 1                       ;
; current_state.S_BRA_5     ; 0                     ; 1                     ; 0                     ; 0                         ; 0                         ; 0                         ; 0                         ; 0                         ; 0                         ; 0                         ; 0                         ; 0                         ; 0                         ; 0                         ; 0                         ; 0                        ; 0                       ; 0                       ; 1                       ;
; current_state.S_BRA_6     ; 1                     ; 0                     ; 0                     ; 0                         ; 0                         ; 0                         ; 0                         ; 0                         ; 0                         ; 0                         ; 0                         ; 0                         ; 0                         ; 0                         ; 0                         ; 0                        ; 0                       ; 0                       ; 1                       ;
+---------------------------+-----------------------+-----------------------+-----------------------+---------------------------+---------------------------+---------------------------+---------------------------+---------------------------+---------------------------+---------------------------+---------------------------+---------------------------+---------------------------+---------------------------+---------------------------+--------------------------+-------------------------+-------------------------+-------------------------+


+------------------------------------------------------------------------------------------------------------------+
; User-Specified and Inferred Latches                                                                              ;
+-------------------------------------------------------------------+---------------------+------------------------+
; Latch Name                                                        ; Latch Enable Signal ; Free of Timing Hazards ;
+-------------------------------------------------------------------+---------------------+------------------------+
; cpu:CPU_0|control_unit:control_unit_0|next_state.S_FETCH_0_1670   ; VCC                 ; yes                    ;
; cpu:CPU_0|control_unit:control_unit_0|next_state.S_LDA_DIR_4_1515 ; VCC                 ; yes                    ;
; cpu:CPU_0|control_unit:control_unit_0|next_state.S_LDA_IMM_4_1321 ; VCC                 ; yes                    ;
; cpu:CPU_0|control_unit:control_unit_0|next_state.S_STA_DIR_4_1205 ; VCC                 ; yes                    ;
; cpu:CPU_0|control_unit:control_unit_0|next_state.S_BRA_4_1050     ; VCC                 ; yes                    ;
; Number of user-specified and inferred latches = 5                 ;                     ;                        ;
+-------------------------------------------------------------------+---------------------+------------------------+
Note: All latches listed above may not be present at the end of synthesis due to various synthesis optimizations.


+-----------------------------------------------------------------------------------------------------------+
; Registers Removed During Synthesis                                                                        ;
+-------------------------------------------------------------+---------------------------------------------+
; Register name                                               ; Reason for Removal                          ;
+-------------------------------------------------------------+---------------------------------------------+
; cpu:CPU_0|data_path:data_path_0|B[0..7]                     ; Stuck at GND due to stuck port clock_enable ;
; cpu:CPU_0|control_unit:control_unit_0|current_state.S_BRA_6 ; Lost fanout                                 ;
; Total Number of Removed Registers = 9                       ;                                             ;
+-------------------------------------------------------------+---------------------------------------------+


+------------------------------------------------------+
; General Register Statistics                          ;
+----------------------------------------------+-------+
; Statistic                                    ; Value ;
+----------------------------------------------+-------+
; Total registers                              ; 220   ;
; Number of registers using Synchronous Clear  ; 30    ;
; Number of registers using Synchronous Load   ; 8     ;
; Number of registers using Asynchronous Clear ; 212   ;
; Number of registers using Asynchronous Load  ; 0     ;
; Number of registers using Clock Enable       ; 170   ;
; Number of registers using Preset             ; 0     ;
+----------------------------------------------+-------+


+--------------------------------------------------------------------------------------------------------------------------+
; Registers Packed Into Inferred Megafunctions                                                                             ;
+------------------------------------------------------------+------------------------------------------------------+------+
; Register Name                                              ; Megafunction                                         ; Type ;
+------------------------------------------------------------+------------------------------------------------------+------+
; memory:memory_0|rw_96x8_sync:rw_96x8_sync_0|data_out[0..7] ; memory:memory_0|rw_96x8_sync:rw_96x8_sync_0|RW_rtl_0 ; RAM  ;
+------------------------------------------------------------+------------------------------------------------------+------+


+--------------------------------------------------------------------------------------------------------------------------------------------------------------------------------------+
; Multiplexer Restructuring Statistics (Restructuring Performed)                                                                                                                       ;
+--------------------+-----------+---------------+----------------------+------------------------+------------+------------------------------------------------------------------------+
; Multiplexer Inputs ; Bus Width ; Baseline Area ; Area if Restructured ; Saving if Restructured ; Registered ; Example Multiplexer Output                                             ;
+--------------------+-----------+---------------+----------------------+------------------------+------------+------------------------------------------------------------------------+
; 3:1                ; 8 bits    ; 16 LEs        ; 0 LEs                ; 16 LEs                 ; Yes        ; |computer|cpu:CPU_0|data_path:data_path_0|PC[3]                        ;
; 9:1                ; 30 bits   ; 180 LEs       ; 0 LEs                ; 180 LEs                ; Yes        ; |computer|clock_div_prec:Tick0|count[15]                               ;
; 9:1                ; 2 bits    ; 12 LEs        ; 2 LEs                ; 10 LEs                 ; Yes        ; |computer|clock_div_prec:Tick0|count[31]                               ;
; 10:1               ; 3 bits    ; 18 LEs        ; 18 LEs               ; 0 LEs                  ; No         ; |computer|cpu:CPU_0|control_unit:control_unit_0|next_state.S_STA_DIR_6 ;
; 14:1               ; 2 bits    ; 18 LEs        ; 18 LEs               ; 0 LEs                  ; No         ; |computer|cpu:CPU_0|control_unit:control_unit_0|next_state.S_BRA_5     ;
; 16:1               ; 4 bits    ; 40 LEs        ; 40 LEs               ; 0 LEs                  ; No         ; |computer|cpu:CPU_0|control_unit:control_unit_0|Bus1_Sel[0]            ;
; 22:1               ; 4 bits    ; 56 LEs        ; 56 LEs               ; 0 LEs                  ; No         ; |computer|cpu:CPU_0|data_path:data_path_0|BUS2[4]                      ;
; 22:1               ; 4 bits    ; 56 LEs        ; 56 LEs               ; 0 LEs                  ; No         ; |computer|cpu:CPU_0|data_path:data_path_0|BUS2[3]                      ;
+--------------------+-----------+---------------+----------------------+------------------------+------------+------------------------------------------------------------------------+


+-----------------------------------------------------------------------------------------------------------------------+
; Source assignments for memory:memory_0|rw_96x8_sync:rw_96x8_sync_0|altsyncram:RW_rtl_0|altsyncram_m0q1:auto_generated ;
+---------------------------------+--------------------+------+---------------------------------------------------------+
; Assignment                      ; Value              ; From ; To                                                      ;
+---------------------------------+--------------------+------+---------------------------------------------------------+
; OPTIMIZE_POWER_DURING_SYNTHESIS ; NORMAL_COMPILATION ; -    ; -                                                       ;
+---------------------------------+--------------------+------+---------------------------------------------------------+


+------------------------------------------------------------------------------------------------------------------+
; Parameter Settings for Inferred Entity Instance: memory:memory_0|rw_96x8_sync:rw_96x8_sync_0|altsyncram:RW_rtl_0 ;
+------------------------------------+----------------------+------------------------------------------------------+
; Parameter Name                     ; Value                ; Type                                                 ;
+------------------------------------+----------------------+------------------------------------------------------+
; BYTE_SIZE_BLOCK                    ; 8                    ; Untyped                                              ;
; AUTO_CARRY_CHAINS                  ; ON                   ; AUTO_CARRY                                           ;
; IGNORE_CARRY_BUFFERS               ; OFF                  ; IGNORE_CARRY                                         ;
; AUTO_CASCADE_CHAINS                ; ON                   ; AUTO_CASCADE                                         ;
; IGNORE_CASCADE_BUFFERS             ; OFF                  ; IGNORE_CASCADE                                       ;
; WIDTH_BYTEENA                      ; 1                    ; Untyped                                              ;
; OPERATION_MODE                     ; DUAL_PORT            ; Untyped                                              ;
; WIDTH_A                            ; 8                    ; Untyped                                              ;
; WIDTHAD_A                          ; 8                    ; Untyped                                              ;
; NUMWORDS_A                         ; 256                  ; Untyped                                              ;
; OUTDATA_REG_A                      ; UNREGISTERED         ; Untyped                                              ;
; ADDRESS_ACLR_A                     ; NONE                 ; Untyped                                              ;
; OUTDATA_ACLR_A                     ; NONE                 ; Untyped                                              ;
; WRCONTROL_ACLR_A                   ; NONE                 ; Untyped                                              ;
; INDATA_ACLR_A                      ; NONE                 ; Untyped                                              ;
; BYTEENA_ACLR_A                     ; NONE                 ; Untyped                                              ;
; WIDTH_B                            ; 8                    ; Untyped                                              ;
; WIDTHAD_B                          ; 8                    ; Untyped                                              ;
; NUMWORDS_B                         ; 256                  ; Untyped                                              ;
; INDATA_REG_B                       ; CLOCK1               ; Untyped                                              ;
; WRCONTROL_WRADDRESS_REG_B          ; CLOCK1               ; Untyped                                              ;
; RDCONTROL_REG_B                    ; CLOCK0               ; Untyped                                              ;
; ADDRESS_REG_B                      ; CLOCK0               ; Untyped                                              ;
; OUTDATA_REG_B                      ; UNREGISTERED         ; Untyped                                              ;
; BYTEENA_REG_B                      ; CLOCK1               ; Untyped                                              ;
; INDATA_ACLR_B                      ; NONE                 ; Untyped                                              ;
; WRCONTROL_ACLR_B                   ; NONE                 ; Untyped                                              ;
; ADDRESS_ACLR_B                     ; NONE                 ; Untyped                                              ;
; OUTDATA_ACLR_B                     ; NONE                 ; Untyped                                              ;
; RDCONTROL_ACLR_B                   ; NONE                 ; Untyped                                              ;
; BYTEENA_ACLR_B                     ; NONE                 ; Untyped                                              ;
; WIDTH_BYTEENA_A                    ; 1                    ; Untyped                                              ;
; WIDTH_BYTEENA_B                    ; 1                    ; Untyped                                              ;
; RAM_BLOCK_TYPE                     ; AUTO                 ; Untyped                                              ;
; BYTE_SIZE                          ; 8                    ; Untyped                                              ;
; READ_DURING_WRITE_MODE_MIXED_PORTS ; OLD_DATA             ; Untyped                                              ;
; READ_DURING_WRITE_MODE_PORT_A      ; NEW_DATA_NO_NBE_READ ; Untyped                                              ;
; READ_DURING_WRITE_MODE_PORT_B      ; NEW_DATA_NO_NBE_READ ; Untyped                                              ;
; INIT_FILE                          ; UNUSED               ; Untyped                                              ;
; INIT_FILE_LAYOUT                   ; PORT_A               ; Untyped                                              ;
; MAXIMUM_DEPTH                      ; 0                    ; Untyped                                              ;
; CLOCK_ENABLE_INPUT_A               ; NORMAL               ; Untyped                                              ;
; CLOCK_ENABLE_INPUT_B               ; NORMAL               ; Untyped                                              ;
; CLOCK_ENABLE_OUTPUT_A              ; NORMAL               ; Untyped                                              ;
; CLOCK_ENABLE_OUTPUT_B              ; NORMAL               ; Untyped                                              ;
; CLOCK_ENABLE_CORE_A                ; USE_INPUT_CLKEN      ; Untyped                                              ;
; CLOCK_ENABLE_CORE_B                ; USE_INPUT_CLKEN      ; Untyped                                              ;
; ENABLE_ECC                         ; FALSE                ; Untyped                                              ;
; ECC_PIPELINE_STAGE_ENABLED         ; FALSE                ; Untyped                                              ;
; WIDTH_ECCSTATUS                    ; 3                    ; Untyped                                              ;
; DEVICE_FAMILY                      ; Cyclone V            ; Untyped                                              ;
; CBXI_PARAMETER                     ; altsyncram_m0q1      ; Untyped                                              ;
+------------------------------------+----------------------+------------------------------------------------------+
Note: In order to hide this table in the UI and the text report file, please set the "Show Parameter Settings in Synthesis Report" option in "Analysis and Synthesis Settings -> More Settings" to "Off".


+-------------------------------------------------------------------------------------------------------------+
; altsyncram Parameter Settings by Entity Instance                                                            ;
+-------------------------------------------+-----------------------------------------------------------------+
; Name                                      ; Value                                                           ;
+-------------------------------------------+-----------------------------------------------------------------+
; Number of entity instances                ; 1                                                               ;
; Entity Instance                           ; memory:memory_0|rw_96x8_sync:rw_96x8_sync_0|altsyncram:RW_rtl_0 ;
;     -- OPERATION_MODE                     ; DUAL_PORT                                                       ;
;     -- WIDTH_A                            ; 8                                                               ;
;     -- NUMWORDS_A                         ; 256                                                             ;
;     -- OUTDATA_REG_A                      ; UNREGISTERED                                                    ;
;     -- WIDTH_B                            ; 8                                                               ;
;     -- NUMWORDS_B                         ; 256                                                             ;
;     -- ADDRESS_REG_B                      ; CLOCK0                                                          ;
;     -- OUTDATA_REG_B                      ; UNREGISTERED                                                    ;
;     -- RAM_BLOCK_TYPE                     ; AUTO                                                            ;
;     -- READ_DURING_WRITE_MODE_MIXED_PORTS ; OLD_DATA                                                        ;
+-------------------------------------------+-----------------------------------------------------------------+


+----------------------------------------------------+
; Port Connectivity Checks: "memory:memory_0"        ;
+------------------+-------+----------+--------------+
; Port             ; Type  ; Severity ; Details      ;
+------------------+-------+----------+--------------+
; port_in_01[7..4] ; Input ; Info     ; Stuck at GND ;
+------------------+-------+----------+--------------+


+------------------------------------------------------------------------------------------------------------------------------------------------------------------------+
; Port Connectivity Checks: "char_decoder:C5"                                                                                                                            ;
+------+-------+----------+----------------------------------------------------------------------------------------------------------------------------------------------+
; Port ; Type  ; Severity ; Details                                                                                                                                      ;
+------+-------+----------+----------------------------------------------------------------------------------------------------------------------------------------------+
; off  ; Input ; Warning  ; Declared by entity but not connected by instance. If a default value exists, it will be used.  Otherwise, the port will be connected to GND. ;
+------+-------+----------+----------------------------------------------------------------------------------------------------------------------------------------------+


+------------------------------------------------------------------------------------------------------------------------------------------------------------------------+
; Port Connectivity Checks: "char_decoder:C4"                                                                                                                            ;
+------+-------+----------+----------------------------------------------------------------------------------------------------------------------------------------------+
; Port ; Type  ; Severity ; Details                                                                                                                                      ;
+------+-------+----------+----------------------------------------------------------------------------------------------------------------------------------------------+
; off  ; Input ; Warning  ; Declared by entity but not connected by instance. If a default value exists, it will be used.  Otherwise, the port will be connected to GND. ;
+------+-------+----------+----------------------------------------------------------------------------------------------------------------------------------------------+


+------------------------------------------------------------------------------------------------------------------------------------------------------------------------+
; Port Connectivity Checks: "char_decoder:C3"                                                                                                                            ;
+------+-------+----------+----------------------------------------------------------------------------------------------------------------------------------------------+
; Port ; Type  ; Severity ; Details                                                                                                                                      ;
+------+-------+----------+----------------------------------------------------------------------------------------------------------------------------------------------+
; off  ; Input ; Warning  ; Declared by entity but not connected by instance. If a default value exists, it will be used.  Otherwise, the port will be connected to GND. ;
+------+-------+----------+----------------------------------------------------------------------------------------------------------------------------------------------+


+------------------------------------------------------------------------------------------------------------------------------------------------------------------------+
; Port Connectivity Checks: "char_decoder:C2"                                                                                                                            ;
+------+-------+----------+----------------------------------------------------------------------------------------------------------------------------------------------+
; Port ; Type  ; Severity ; Details                                                                                                                                      ;
+------+-------+----------+----------------------------------------------------------------------------------------------------------------------------------------------+
; off  ; Input ; Warning  ; Declared by entity but not connected by instance. If a default value exists, it will be used.  Otherwise, the port will be connected to GND. ;
+------+-------+----------+----------------------------------------------------------------------------------------------------------------------------------------------+


+------------------------------------------------------------------------------------------------------------------------------------------------------------------------+
; Port Connectivity Checks: "char_decoder:C1"                                                                                                                            ;
+------+-------+----------+----------------------------------------------------------------------------------------------------------------------------------------------+
; Port ; Type  ; Severity ; Details                                                                                                                                      ;
+------+-------+----------+----------------------------------------------------------------------------------------------------------------------------------------------+
; off  ; Input ; Warning  ; Declared by entity but not connected by instance. If a default value exists, it will be used.  Otherwise, the port will be connected to GND. ;
+------+-------+----------+----------------------------------------------------------------------------------------------------------------------------------------------+


+------------------------------------------------------------------------------------------------------------------------------------------------------------------------+
; Port Connectivity Checks: "char_decoder:C0"                                                                                                                            ;
+------+-------+----------+----------------------------------------------------------------------------------------------------------------------------------------------+
; Port ; Type  ; Severity ; Details                                                                                                                                      ;
+------+-------+----------+----------------------------------------------------------------------------------------------------------------------------------------------+
; off  ; Input ; Warning  ; Declared by entity but not connected by instance. If a default value exists, it will be used.  Otherwise, the port will be connected to GND. ;
+------+-------+----------+----------------------------------------------------------------------------------------------------------------------------------------------+


+-----------------------------------------------------+
; Post-Synthesis Netlist Statistics for Top Partition ;
+-----------------------+-----------------------------+
; Type                  ; Count                       ;
+-----------------------+-----------------------------+
; arriav_ff             ; 220                         ;
;     CLR               ; 20                          ;
;     CLR SCLR          ; 30                          ;
;     ENA               ; 8                           ;
;     ENA CLR           ; 154                         ;
;     ENA CLR SLD       ; 8                           ;
; arriav_lcell_comb     ; 266                         ;
;     arith             ; 40                          ;
;         1 data inputs ; 40                          ;
;     normal            ; 226                         ;
;         1 data inputs ; 3                           ;
;         2 data inputs ; 11                          ;
;         3 data inputs ; 22                          ;
;         4 data inputs ; 61                          ;
;         5 data inputs ; 38                          ;
;         6 data inputs ; 91                          ;
; boundary_port         ; 274                         ;
; stratixv_ram_block    ; 8                           ;
;                       ;                             ;
; Max LUT depth         ; 6.00                        ;
; Average LUT depth     ; 2.80                        ;
+-----------------------+-----------------------------+


+-------------------------------+
; Elapsed Time Per Partition    ;
+----------------+--------------+
; Partition Name ; Elapsed Time ;
+----------------+--------------+
; Top            ; 00:00:01     ;
+----------------+--------------+


+-------------------------------+
; Analysis & Synthesis Messages ;
+-------------------------------+
Info: *******************************************************************
Info: Running Quartus Prime Analysis & Synthesis
    Info: Version 18.0.0 Build 614 04/24/2018 SJ Lite Edition
    Info: Processing started: Wed Apr 17 17:32:11 2019
Info: Command: quartus_map --read_settings_files=on --write_settings_files=off computer -c Lab13
Warning (18236): Number of processors has not been specified which may cause overloading on shared machines.  Set the global assignment NUM_PARALLEL_PROCESSORS in your QSF to an appropriate value for best performance.
Info (20030): Parallel compilation is enabled and will use 4 of the 4 processors detected
Info (12021): Found 2 design units, including 1 entities, in source file rw_96x8_sync.vhd
    Info (12022): Found design unit 1: rw_96x8_sync-rw_96x8_sync_arch File: C:/Users/Louis/Desktop/EELE 367/Module 13_copy/rw_96x8_sync.vhd Line: 13
    Info (12023): Found entity 1: rw_96x8_sync File: C:/Users/Louis/Desktop/EELE 367/Module 13_copy/rw_96x8_sync.vhd Line: 5
Info (12021): Found 2 design units, including 1 entities, in source file rom_128x8_sync.vhd
    Info (12022): Found design unit 1: rom_128x8_sync-rom_128x8_sync_arch File: C:/Users/Louis/Desktop/EELE 367/Module 13_copy/rom_128x8_sync.vhd Line: 11
    Info (12023): Found entity 1: rom_128x8_sync File: C:/Users/Louis/Desktop/EELE 367/Module 13_copy/rom_128x8_sync.vhd Line: 5
Info (12021): Found 2 design units, including 1 entities, in source file memory.vhd
    Info (12022): Found design unit 1: memory-memory_arch File: C:/Users/Louis/Desktop/EELE 367/Module 13_copy/memory.vhd Line: 48
    Info (12023): Found entity 1: memory File: C:/Users/Louis/Desktop/EELE 367/Module 13_copy/memory.vhd Line: 7
Info (12021): Found 2 design units, including 1 entities, in source file data_path.vhd
    Info (12022): Found design unit 1: data_path-data_path_arch File: C:/Users/Louis/Desktop/EELE 367/Module 13_copy/data_path.vhd Line: 25
    Info (12023): Found entity 1: data_path File: C:/Users/Louis/Desktop/EELE 367/Module 13_copy/data_path.vhd Line: 5
Info (12021): Found 2 design units, including 1 entities, in source file cpu.vhd
    Info (12022): Found design unit 1: cpu-cpu_arch File: C:/Users/Louis/Desktop/EELE 367/Module 13_copy/cpu.vhd Line: 14
    Info (12023): Found entity 1: cpu File: C:/Users/Louis/Desktop/EELE 367/Module 13_copy/cpu.vhd Line: 5
Info (12021): Found 2 design units, including 1 entities, in source file control_unit.vhd
    Info (12022): Found design unit 1: control_unit-control_unit_arch File: C:/Users/Louis/Desktop/EELE 367/Module 13_copy/control_unit.vhd Line: 25
    Info (12023): Found entity 1: control_unit File: C:/Users/Louis/Desktop/EELE 367/Module 13_copy/control_unit.vhd Line: 7
Info (12021): Found 2 design units, including 1 entities, in source file computer.vhd
    Info (12022): Found design unit 1: computer-computer_arch File: C:/Users/Louis/Desktop/EELE 367/Module 13_copy/computer.vhd Line: 43
    Info (12023): Found entity 1: computer File: C:/Users/Louis/Desktop/EELE 367/Module 13_copy/computer.vhd Line: 5
Info (12021): Found 2 design units, including 1 entities, in source file alu.vhd
    Info (12022): Found design unit 1: alu-alu_arch File: C:/Users/Louis/Desktop/EELE 367/Module 13_copy/alu.vhd Line: 13
    Info (12023): Found entity 1: alu File: C:/Users/Louis/Desktop/EELE 367/Module 13_copy/alu.vhd Line: 5
Info (12021): Found 2 design units, including 1 entities, in source file char_decoder.vhd
    Info (12022): Found design unit 1: char_decoder-char_decoder_arch File: C:/Users/Louis/Desktop/EELE 367/Module 13_copy/char_decoder.vhd Line: 10
    Info (12023): Found entity 1: char_decoder File: C:/Users/Louis/Desktop/EELE 367/Module 13_copy/char_decoder.vhd Line: 4
Info (12021): Found 2 design units, including 1 entities, in source file clock_div_prec.vhd
    Info (12022): Found design unit 1: clock_div_prec-clock_div_prec_arch File: C:/Users/Louis/Desktop/EELE 367/Module 13_copy/clock_div_prec.vhd Line: 12
    Info (12023): Found entity 1: clock_div_prec File: C:/Users/Louis/Desktop/EELE 367/Module 13_copy/clock_div_prec.vhd Line: 5
Info (12127): Elaborating entity "computer" for the top level hierarchy
Info (12128): Elaborating entity "char_decoder" for hierarchy "char_decoder:C0" File: C:/Users/Louis/Desktop/EELE 367/Module 13_copy/computer.vhd Line: 134
Warning (10492): VHDL Process Statement warning at char_decoder.vhd(16): signal "off" is read inside the Process Statement but isn't in the Process Statement's sensitivity list File: C:/Users/Louis/Desktop/EELE 367/Module 13_copy/char_decoder.vhd Line: 16
Info (12128): Elaborating entity "clock_div_prec" for hierarchy "clock_div_prec:Tick0" File: C:/Users/Louis/Desktop/EELE 367/Module 13_copy/computer.vhd Line: 145
Info (12128): Elaborating entity "cpu" for hierarchy "cpu:CPU_0" File: C:/Users/Louis/Desktop/EELE 367/Module 13_copy/computer.vhd Line: 147
Info (12128): Elaborating entity "control_unit" for hierarchy "cpu:CPU_0|control_unit:control_unit_0" File: C:/Users/Louis/Desktop/EELE 367/Module 13_copy/cpu.vhd Line: 70
Warning (10631): VHDL Process Statement warning at control_unit.vhd(42): inferring latch(es) for signal or variable "IR_Load", which holds its previous value in one or more paths through the process File: C:/Users/Louis/Desktop/EELE 367/Module 13_copy/control_unit.vhd Line: 42
Warning (10631): VHDL Process Statement warning at control_unit.vhd(42): inferring latch(es) for signal or variable "MAR_Load", which holds its previous value in one or more paths through the process File: C:/Users/Louis/Desktop/EELE 367/Module 13_copy/control_unit.vhd Line: 42
Warning (10631): VHDL Process Statement warning at control_unit.vhd(42): inferring latch(es) for signal or variable "PC_Load", which holds its previous value in one or more paths through the process File: C:/Users/Louis/Desktop/EELE 367/Module 13_copy/control_unit.vhd Line: 42
Warning (10631): VHDL Process Statement warning at control_unit.vhd(42): inferring latch(es) for signal or variable "PC_Inc", which holds its previous value in one or more paths through the process File: C:/Users/Louis/Desktop/EELE 367/Module 13_copy/control_unit.vhd Line: 42
Warning (10631): VHDL Process Statement warning at control_unit.vhd(42): inferring latch(es) for signal or variable "A_Load", which holds its previous value in one or more paths through the process File: C:/Users/Louis/Desktop/EELE 367/Module 13_copy/control_unit.vhd Line: 42
Warning (10631): VHDL Process Statement warning at control_unit.vhd(42): inferring latch(es) for signal or variable "B_Load", which holds its previous value in one or more paths through the process File: C:/Users/Louis/Desktop/EELE 367/Module 13_copy/control_unit.vhd Line: 42
Warning (10631): VHDL Process Statement warning at control_unit.vhd(42): inferring latch(es) for signal or variable "ALU_Sel", which holds its previous value in one or more paths through the process File: C:/Users/Louis/Desktop/EELE 367/Module 13_copy/control_unit.vhd Line: 42
Warning (10631): VHDL Process Statement warning at control_unit.vhd(42): inferring latch(es) for signal or variable "CCR_Load", which holds its previous value in one or more paths through the process File: C:/Users/Louis/Desktop/EELE 367/Module 13_copy/control_unit.vhd Line: 42
Warning (10631): VHDL Process Statement warning at control_unit.vhd(42): inferring latch(es) for signal or variable "Bus1_Sel", which holds its previous value in one or more paths through the process File: C:/Users/Louis/Desktop/EELE 367/Module 13_copy/control_unit.vhd Line: 42
Warning (10631): VHDL Process Statement warning at control_unit.vhd(42): inferring latch(es) for signal or variable "Bus2_Sel", which holds its previous value in one or more paths through the process File: C:/Users/Louis/Desktop/EELE 367/Module 13_copy/control_unit.vhd Line: 42
Warning (10631): VHDL Process Statement warning at control_unit.vhd(42): inferring latch(es) for signal or variable "write_out", which holds its previous value in one or more paths through the process File: C:/Users/Louis/Desktop/EELE 367/Module 13_copy/control_unit.vhd Line: 42
Warning (10492): VHDL Process Statement warning at control_unit.vhd(315): signal "IR" is read inside the Process Statement but isn't in the Process Statement's sensitivity list File: C:/Users/Louis/Desktop/EELE 367/Module 13_copy/control_unit.vhd Line: 315
Warning (10492): VHDL Process Statement warning at control_unit.vhd(317): signal "IR" is read inside the Process Statement but isn't in the Process Statement's sensitivity list File: C:/Users/Louis/Desktop/EELE 367/Module 13_copy/control_unit.vhd Line: 317
Warning (10492): VHDL Process Statement warning at control_unit.vhd(319): signal "IR" is read inside the Process Statement but isn't in the Process Statement's sensitivity list File: C:/Users/Louis/Desktop/EELE 367/Module 13_copy/control_unit.vhd Line: 319
Warning (10492): VHDL Process Statement warning at control_unit.vhd(321): signal "IR" is read inside the Process Statement but isn't in the Process Statement's sensitivity list File: C:/Users/Louis/Desktop/EELE 367/Module 13_copy/control_unit.vhd Line: 321
Warning (10631): VHDL Process Statement warning at control_unit.vhd(300): inferring latch(es) for signal or variable "next_state", which holds its previous value in one or more paths through the process File: C:/Users/Louis/Desktop/EELE 367/Module 13_copy/control_unit.vhd Line: 300
Info (10041): Inferred latch for "next_state.S_BRA_6" at control_unit.vhd(300) File: C:/Users/Louis/Desktop/EELE 367/Module 13_copy/control_unit.vhd Line: 300
Info (10041): Inferred latch for "next_state.S_BRA_5" at control_unit.vhd(300) File: C:/Users/Louis/Desktop/EELE 367/Module 13_copy/control_unit.vhd Line: 300
Info (10041): Inferred latch for "next_state.S_BRA_4" at control_unit.vhd(300) File: C:/Users/Louis/Desktop/EELE 367/Module 13_copy/control_unit.vhd Line: 300
Info (10041): Inferred latch for "next_state.S_STA_DIR_7" at control_unit.vhd(300) File: C:/Users/Louis/Desktop/EELE 367/Module 13_copy/control_unit.vhd Line: 300
Info (10041): Inferred latch for "next_state.S_STA_DIR_6" at control_unit.vhd(300) File: C:/Users/Louis/Desktop/EELE 367/Module 13_copy/control_unit.vhd Line: 300
Info (10041): Inferred latch for "next_state.S_STA_DIR_5" at control_unit.vhd(300) File: C:/Users/Louis/Desktop/EELE 367/Module 13_copy/control_unit.vhd Line: 300
Info (10041): Inferred latch for "next_state.S_STA_DIR_4" at control_unit.vhd(300) File: C:/Users/Louis/Desktop/EELE 367/Module 13_copy/control_unit.vhd Line: 300
Info (10041): Inferred latch for "next_state.S_LDA_IMM_6" at control_unit.vhd(300) File: C:/Users/Louis/Desktop/EELE 367/Module 13_copy/control_unit.vhd Line: 300
Info (10041): Inferred latch for "next_state.S_LDA_IMM_5" at control_unit.vhd(300) File: C:/Users/Louis/Desktop/EELE 367/Module 13_copy/control_unit.vhd Line: 300
Info (10041): Inferred latch for "next_state.S_LDA_IMM_4" at control_unit.vhd(300) File: C:/Users/Louis/Desktop/EELE 367/Module 13_copy/control_unit.vhd Line: 300
Info (10041): Inferred latch for "next_state.S_LDA_DIR_8" at control_unit.vhd(300) File: C:/Users/Louis/Desktop/EELE 367/Module 13_copy/control_unit.vhd Line: 300
Info (10041): Inferred latch for "next_state.S_LDA_DIR_7" at control_unit.vhd(300) File: C:/Users/Louis/Desktop/EELE 367/Module 13_copy/control_unit.vhd Line: 300
Info (10041): Inferred latch for "next_state.S_LDA_DIR_6" at control_unit.vhd(300) File: C:/Users/Louis/Desktop/EELE 367/Module 13_copy/control_unit.vhd Line: 300
Info (10041): Inferred latch for "next_state.S_LDA_DIR_5" at control_unit.vhd(300) File: C:/Users/Louis/Desktop/EELE 367/Module 13_copy/control_unit.vhd Line: 300
Info (10041): Inferred latch for "next_state.S_LDA_DIR_4" at control_unit.vhd(300) File: C:/Users/Louis/Desktop/EELE 367/Module 13_copy/control_unit.vhd Line: 300
Info (10041): Inferred latch for "next_state.S_DECODE_3" at control_unit.vhd(300) File: C:/Users/Louis/Desktop/EELE 367/Module 13_copy/control_unit.vhd Line: 300
Info (10041): Inferred latch for "next_state.S_FETCH_2" at control_unit.vhd(300) File: C:/Users/Louis/Desktop/EELE 367/Module 13_copy/control_unit.vhd Line: 300
Info (10041): Inferred latch for "next_state.S_FETCH_1" at control_unit.vhd(300) File: C:/Users/Louis/Desktop/EELE 367/Module 13_copy/control_unit.vhd Line: 300
Info (10041): Inferred latch for "next_state.S_FETCH_0" at control_unit.vhd(300) File: C:/Users/Louis/Desktop/EELE 367/Module 13_copy/control_unit.vhd Line: 300
Info (10041): Inferred latch for "write_out" at control_unit.vhd(42) File: C:/Users/Louis/Desktop/EELE 367/Module 13_copy/control_unit.vhd Line: 42
Info (10041): Inferred latch for "Bus2_Sel[0]" at control_unit.vhd(42) File: C:/Users/Louis/Desktop/EELE 367/Module 13_copy/control_unit.vhd Line: 42
Info (10041): Inferred latch for "Bus2_Sel[1]" at control_unit.vhd(42) File: C:/Users/Louis/Desktop/EELE 367/Module 13_copy/control_unit.vhd Line: 42
Info (10041): Inferred latch for "Bus1_Sel[0]" at control_unit.vhd(42) File: C:/Users/Louis/Desktop/EELE 367/Module 13_copy/control_unit.vhd Line: 42
Info (10041): Inferred latch for "Bus1_Sel[1]" at control_unit.vhd(42) File: C:/Users/Louis/Desktop/EELE 367/Module 13_copy/control_unit.vhd Line: 42
Info (10041): Inferred latch for "CCR_Load" at control_unit.vhd(42) File: C:/Users/Louis/Desktop/EELE 367/Module 13_copy/control_unit.vhd Line: 42
Info (10041): Inferred latch for "ALU_Sel[0]" at control_unit.vhd(42) File: C:/Users/Louis/Desktop/EELE 367/Module 13_copy/control_unit.vhd Line: 42
Info (10041): Inferred latch for "ALU_Sel[1]" at control_unit.vhd(42) File: C:/Users/Louis/Desktop/EELE 367/Module 13_copy/control_unit.vhd Line: 42
Info (10041): Inferred latch for "ALU_Sel[2]" at control_unit.vhd(42) File: C:/Users/Louis/Desktop/EELE 367/Module 13_copy/control_unit.vhd Line: 42
Info (10041): Inferred latch for "B_Load" at control_unit.vhd(42) File: C:/Users/Louis/Desktop/EELE 367/Module 13_copy/control_unit.vhd Line: 42
Info (10041): Inferred latch for "A_Load" at control_unit.vhd(42) File: C:/Users/Louis/Desktop/EELE 367/Module 13_copy/control_unit.vhd Line: 42
Info (10041): Inferred latch for "PC_Inc" at control_unit.vhd(42) File: C:/Users/Louis/Desktop/EELE 367/Module 13_copy/control_unit.vhd Line: 42
Info (10041): Inferred latch for "PC_Load" at control_unit.vhd(42) File: C:/Users/Louis/Desktop/EELE 367/Module 13_copy/control_unit.vhd Line: 42
Info (10041): Inferred latch for "MAR_Load" at control_unit.vhd(42) File: C:/Users/Louis/Desktop/EELE 367/Module 13_copy/control_unit.vhd Line: 42
Info (10041): Inferred latch for "IR_Load" at control_unit.vhd(42) File: C:/Users/Louis/Desktop/EELE 367/Module 13_copy/control_unit.vhd Line: 42
Info (12128): Elaborating entity "data_path" for hierarchy "cpu:CPU_0|data_path:data_path_0" File: C:/Users/Louis/Desktop/EELE 367/Module 13_copy/cpu.vhd Line: 71
Info (12128): Elaborating entity "alu" for hierarchy "cpu:CPU_0|data_path:data_path_0|alu:ALU_0" File: C:/Users/Louis/Desktop/EELE 367/Module 13_copy/data_path.vhd Line: 48
Warning (10631): VHDL Process Statement warning at alu.vhd(17): inferring latch(es) for signal or variable "ALU_Result", which holds its previous value in one or more paths through the process File: C:/Users/Louis/Desktop/EELE 367/Module 13_copy/alu.vhd Line: 17
Warning (10631): VHDL Process Statement warning at alu.vhd(17): inferring latch(es) for signal or variable "NZVC", which holds its previous value in one or more paths through the process File: C:/Users/Louis/Desktop/EELE 367/Module 13_copy/alu.vhd Line: 17
Info (10041): Inferred latch for "NZVC[0]" at alu.vhd(17) File: C:/Users/Louis/Desktop/EELE 367/Module 13_copy/alu.vhd Line: 17
Info (10041): Inferred latch for "NZVC[1]" at alu.vhd(17) File: C:/Users/Louis/Desktop/EELE 367/Module 13_copy/alu.vhd Line: 17
Info (10041): Inferred latch for "NZVC[2]" at alu.vhd(17) File: C:/Users/Louis/Desktop/EELE 367/Module 13_copy/alu.vhd Line: 17
Info (10041): Inferred latch for "NZVC[3]" at alu.vhd(17) File: C:/Users/Louis/Desktop/EELE 367/Module 13_copy/alu.vhd Line: 17
Info (10041): Inferred latch for "ALU_Result[0]" at alu.vhd(17) File: C:/Users/Louis/Desktop/EELE 367/Module 13_copy/alu.vhd Line: 17
Info (10041): Inferred latch for "ALU_Result[1]" at alu.vhd(17) File: C:/Users/Louis/Desktop/EELE 367/Module 13_copy/alu.vhd Line: 17
Info (10041): Inferred latch for "ALU_Result[2]" at alu.vhd(17) File: C:/Users/Louis/Desktop/EELE 367/Module 13_copy/alu.vhd Line: 17
Info (10041): Inferred latch for "ALU_Result[3]" at alu.vhd(17) File: C:/Users/Louis/Desktop/EELE 367/Module 13_copy/alu.vhd Line: 17
Info (10041): Inferred latch for "ALU_Result[4]" at alu.vhd(17) File: C:/Users/Louis/Desktop/EELE 367/Module 13_copy/alu.vhd Line: 17
Info (10041): Inferred latch for "ALU_Result[5]" at alu.vhd(17) File: C:/Users/Louis/Desktop/EELE 367/Module 13_copy/alu.vhd Line: 17
Info (10041): Inferred latch for "ALU_Result[6]" at alu.vhd(17) File: C:/Users/Louis/Desktop/EELE 367/Module 13_copy/alu.vhd Line: 17
Info (10041): Inferred latch for "ALU_Result[7]" at alu.vhd(17) File: C:/Users/Louis/Desktop/EELE 367/Module 13_copy/alu.vhd Line: 17
Info (12128): Elaborating entity "memory" for hierarchy "memory:memory_0" File: C:/Users/Louis/Desktop/EELE 367/Module 13_copy/computer.vhd Line: 148
Info (12128): Elaborating entity "rom_128x8_sync" for hierarchy "memory:memory_0|rom_128x8_sync:rom_128x8_sync_0" File: C:/Users/Louis/Desktop/EELE 367/Module 13_copy/memory.vhd Line: 70
Info (12128): Elaborating entity "rw_96x8_sync" for hierarchy "memory:memory_0|rw_96x8_sync:rw_96x8_sync_0" File: C:/Users/Louis/Desktop/EELE 367/Module 13_copy/memory.vhd Line: 71
Warning (14026): LATCH primitive "cpu:CPU_0|data_path:data_path_0|alu:ALU_0|ALU_Result[0]" is permanently enabled File: C:/Users/Louis/Desktop/EELE 367/Module 13_copy/alu.vhd Line: 17
Warning (14026): LATCH primitive "cpu:CPU_0|data_path:data_path_0|alu:ALU_0|ALU_Result[1]" is permanently enabled File: C:/Users/Louis/Desktop/EELE 367/Module 13_copy/alu.vhd Line: 17
Warning (14026): LATCH primitive "cpu:CPU_0|data_path:data_path_0|alu:ALU_0|ALU_Result[2]" is permanently enabled File: C:/Users/Louis/Desktop/EELE 367/Module 13_copy/alu.vhd Line: 17
Warning (14026): LATCH primitive "cpu:CPU_0|data_path:data_path_0|alu:ALU_0|ALU_Result[3]" is permanently enabled File: C:/Users/Louis/Desktop/EELE 367/Module 13_copy/alu.vhd Line: 17
Warning (14026): LATCH primitive "cpu:CPU_0|data_path:data_path_0|alu:ALU_0|ALU_Result[4]" is permanently enabled File: C:/Users/Louis/Desktop/EELE 367/Module 13_copy/alu.vhd Line: 17
Warning (14026): LATCH primitive "cpu:CPU_0|data_path:data_path_0|alu:ALU_0|ALU_Result[5]" is permanently enabled File: C:/Users/Louis/Desktop/EELE 367/Module 13_copy/alu.vhd Line: 17
Warning (14026): LATCH primitive "cpu:CPU_0|data_path:data_path_0|alu:ALU_0|ALU_Result[6]" is permanently enabled File: C:/Users/Louis/Desktop/EELE 367/Module 13_copy/alu.vhd Line: 17
Warning (14026): LATCH primitive "cpu:CPU_0|data_path:data_path_0|alu:ALU_0|ALU_Result[7]" is permanently enabled File: C:/Users/Louis/Desktop/EELE 367/Module 13_copy/alu.vhd Line: 17
Info (19000): Inferred 1 megafunctions from design logic
    Info (276029): Inferred altsyncram megafunction from the following design logic: "memory:memory_0|rw_96x8_sync:rw_96x8_sync_0|RW_rtl_0" 
        Info (286033): Parameter OPERATION_MODE set to DUAL_PORT
        Info (286033): Parameter WIDTH_A set to 8
        Info (286033): Parameter WIDTHAD_A set to 8
        Info (286033): Parameter NUMWORDS_A set to 256
        Info (286033): Parameter WIDTH_B set to 8
        Info (286033): Parameter WIDTHAD_B set to 8
        Info (286033): Parameter NUMWORDS_B set to 256
        Info (286033): Parameter ADDRESS_ACLR_A set to NONE
        Info (286033): Parameter OUTDATA_REG_B set to UNREGISTERED
        Info (286033): Parameter ADDRESS_ACLR_B set to NONE
        Info (286033): Parameter OUTDATA_ACLR_B set to NONE
        Info (286033): Parameter ADDRESS_REG_B set to CLOCK0
        Info (286033): Parameter INDATA_ACLR_A set to NONE
        Info (286033): Parameter WRCONTROL_ACLR_A set to NONE
        Info (286033): Parameter READ_DURING_WRITE_MODE_MIXED_PORTS set to OLD_DATA
        Info (286033): Parameter RDCONTROL_REG_B set to CLOCK0
Info (12130): Elaborated megafunction instantiation "memory:memory_0|rw_96x8_sync:rw_96x8_sync_0|altsyncram:RW_rtl_0"
Info (12133): Instantiated megafunction "memory:memory_0|rw_96x8_sync:rw_96x8_sync_0|altsyncram:RW_rtl_0" with the following parameter:
    Info (12134): Parameter "OPERATION_MODE" = "DUAL_PORT"
    Info (12134): Parameter "WIDTH_A" = "8"
    Info (12134): Parameter "WIDTHAD_A" = "8"
    Info (12134): Parameter "NUMWORDS_A" = "256"
    Info (12134): Parameter "WIDTH_B" = "8"
    Info (12134): Parameter "WIDTHAD_B" = "8"
    Info (12134): Parameter "NUMWORDS_B" = "256"
    Info (12134): Parameter "ADDRESS_ACLR_A" = "NONE"
    Info (12134): Parameter "OUTDATA_REG_B" = "UNREGISTERED"
    Info (12134): Parameter "ADDRESS_ACLR_B" = "NONE"
    Info (12134): Parameter "OUTDATA_ACLR_B" = "NONE"
    Info (12134): Parameter "ADDRESS_REG_B" = "CLOCK0"
    Info (12134): Parameter "INDATA_ACLR_A" = "NONE"
    Info (12134): Parameter "WRCONTROL_ACLR_A" = "NONE"
    Info (12134): Parameter "READ_DURING_WRITE_MODE_MIXED_PORTS" = "OLD_DATA"
    Info (12134): Parameter "RDCONTROL_REG_B" = "CLOCK0"
Info (12021): Found 1 design units, including 1 entities, in source file db/altsyncram_m0q1.tdf
    Info (12023): Found entity 1: altsyncram_m0q1 File: C:/Users/Louis/Desktop/EELE 367/Module 13_copy/db/altsyncram_m0q1.tdf Line: 27
Warning (12241): 6 hierarchies have connectivity warnings - see the Connectivity Checks report folder
Info (286030): Timing-Driven Synthesis is running
Critical Warning (18061): Ignored Power-Up Level option on the following registers
    Critical Warning (18010): Register clock_div_prec:Tick0|count[31] will power up to Low File: C:/Users/Louis/Desktop/EELE 367/Module 13_copy/clock_div_prec.vhd Line: 24
    Critical Warning (18010): Register clock_div_prec:Tick0|count[0] will power up to Low File: C:/Users/Louis/Desktop/EELE 367/Module 13_copy/clock_div_prec.vhd Line: 24
Info (17049): 1 registers lost all their fanouts during netlist optimizations.
Info (16010): Generating hard_block partition "hard_block:auto_generated_inst"
    Info (16011): Adding 0 node(s), including 0 DDIO, 0 PLL, 0 transceiver and 0 LCELL
Info (21057): Implemented 709 device resources after synthesis - the final resource count might be different
    Info (21058): Implemented 128 input pins
    Info (21059): Implemented 146 output pins
    Info (21061): Implemented 427 logic cells
    Info (21064): Implemented 8 RAM segments
Info: Quartus Prime Analysis & Synthesis was successful. 0 errors, 32 warnings
    Info: Peak virtual memory: 738 megabytes
    Info: Processing ended: Wed Apr 17 17:32:21 2019
    Info: Elapsed time: 00:00:10
    Info: Total CPU time (on all processors): 00:00:20


