Analysis & Synthesis report for top
Tue Feb 12 16:49:02 2019
Quartus Prime Version 18.0.0 Build 614 04/24/2018 SJ Lite Edition


---------------------
; Table of Contents ;
---------------------
  1. Legal Notice
  2. Analysis & Synthesis Summary
  3. Analysis & Synthesis Settings
  4. Parallel Compilation
  5. Analysis & Synthesis Source Files Read
  6. Analysis & Synthesis Resource Usage Summary
  7. Analysis & Synthesis Resource Utilization by Entity
  8. State Machine - |top|current_state
  9. General Register Statistics
 10. Inverted Register Statistics
 11. Multiplexer Restructuring Statistics (Restructuring Performed)
 12. Port Connectivity Checks: "dflipflop:D20"
 13. Port Connectivity Checks: "dflipflop:D19"
 14. Port Connectivity Checks: "dflipflop:D18"
 15. Port Connectivity Checks: "dflipflop:D17"
 16. Port Connectivity Checks: "dflipflop:D16"
 17. Port Connectivity Checks: "dflipflop:D15"
 18. Port Connectivity Checks: "dflipflop:D14"
 19. Port Connectivity Checks: "dflipflop:D13"
 20. Port Connectivity Checks: "dflipflop:D12"
 21. Port Connectivity Checks: "dflipflop:D11"
 22. Port Connectivity Checks: "dflipflop:D10"
 23. Port Connectivity Checks: "dflipflop:D9"
 24. Port Connectivity Checks: "dflipflop:D8"
 25. Port Connectivity Checks: "dflipflop:D7"
 26. Port Connectivity Checks: "dflipflop:D6"
 27. Port Connectivity Checks: "dflipflop:D5"
 28. Port Connectivity Checks: "dflipflop:D4"
 29. Port Connectivity Checks: "dflipflop:D3"
 30. Port Connectivity Checks: "dflipflop:D2"
 31. Port Connectivity Checks: "dflipflop:D1"
 32. Port Connectivity Checks: "dflipflop:D0"
 33. Post-Synthesis Netlist Statistics for Top Partition
 34. Elapsed Time Per Partition
 35. Analysis & Synthesis Messages



----------------
; Legal Notice ;
----------------
Copyright (C) 2018  Intel Corporation. All rights reserved.
Your use of Intel Corporation's design tools, logic functions 
and other software and tools, and its AMPP partner logic 
functions, and any output files from any of the foregoing 
(including device programming or simulation files), and any 
associated documentation or information are expressly subject 
to the terms and conditions of the Intel Program License 
Subscription Agreement, the Intel Quartus Prime License Agreement,
the Intel FPGA IP License Agreement, or other applicable license
agreement, including, without limitation, that your use is for
the sole purpose of programming logic devices manufactured by
Intel and sold by Intel or its authorized distributors.  Please
refer to the applicable agreement for further details.



+-------------------------------------------------------------------------------+
; Analysis & Synthesis Summary                                                  ;
+---------------------------------+---------------------------------------------+
; Analysis & Synthesis Status     ; Successful - Tue Feb 12 16:49:02 2019       ;
; Quartus Prime Version           ; 18.0.0 Build 614 04/24/2018 SJ Lite Edition ;
; Revision Name                   ; top                                         ;
; Top-level Entity Name           ; top                                         ;
; Family                          ; Cyclone V                                   ;
; Logic utilization (in ALMs)     ; N/A                                         ;
; Total registers                 ; 33                                          ;
; Total pins                      ; 65                                          ;
; Total virtual pins              ; 0                                           ;
; Total block memory bits         ; 0                                           ;
; Total DSP Blocks                ; 0                                           ;
; Total HSSI RX PCSs              ; 0                                           ;
; Total HSSI PMA RX Deserializers ; 0                                           ;
; Total HSSI TX PCSs              ; 0                                           ;
; Total HSSI PMA TX Serializers   ; 0                                           ;
; Total PLLs                      ; 0                                           ;
; Total DLLs                      ; 0                                           ;
+---------------------------------+---------------------------------------------+


+---------------------------------------------------------------------------------------------------------------------------+
; Analysis & Synthesis Settings                                                                                             ;
+---------------------------------------------------------------------------------+--------------------+--------------------+
; Option                                                                          ; Setting            ; Default Value      ;
+---------------------------------------------------------------------------------+--------------------+--------------------+
; Device                                                                          ; 5CEBA4F23C7        ;                    ;
; Top-level entity name                                                           ; top                ; top                ;
; Family name                                                                     ; Cyclone V          ; Cyclone V          ;
; Use smart compilation                                                           ; Off                ; Off                ;
; Enable parallel Assembler and Timing Analyzer during compilation                ; On                 ; On                 ;
; Enable compact report table                                                     ; Off                ; Off                ;
; Restructure Multiplexers                                                        ; Auto               ; Auto               ;
; MLAB Add Timing Constraints For Mixed-Port Feed-Through Mode Setting Don't Care ; Off                ; Off                ;
; Create Debugging Nodes for IP Cores                                             ; Off                ; Off                ;
; Preserve fewer node names                                                       ; On                 ; On                 ;
; Intel FPGA IP Evaluation Mode                                                   ; Enable             ; Enable             ;
; Verilog Version                                                                 ; Verilog_2001       ; Verilog_2001       ;
; VHDL Version                                                                    ; VHDL_1993          ; VHDL_1993          ;
; State Machine Processing                                                        ; Auto               ; Auto               ;
; Safe State Machine                                                              ; Off                ; Off                ;
; Extract Verilog State Machines                                                  ; On                 ; On                 ;
; Extract VHDL State Machines                                                     ; On                 ; On                 ;
; Ignore Verilog initial constructs                                               ; Off                ; Off                ;
; Iteration limit for constant Verilog loops                                      ; 5000               ; 5000               ;
; Iteration limit for non-constant Verilog loops                                  ; 250                ; 250                ;
; Add Pass-Through Logic to Inferred RAMs                                         ; On                 ; On                 ;
; Infer RAMs from Raw Logic                                                       ; On                 ; On                 ;
; Parallel Synthesis                                                              ; On                 ; On                 ;
; DSP Block Balancing                                                             ; Auto               ; Auto               ;
; NOT Gate Push-Back                                                              ; On                 ; On                 ;
; Power-Up Don't Care                                                             ; On                 ; On                 ;
; Remove Redundant Logic Cells                                                    ; Off                ; Off                ;
; Remove Duplicate Registers                                                      ; On                 ; On                 ;
; Ignore CARRY Buffers                                                            ; Off                ; Off                ;
; Ignore CASCADE Buffers                                                          ; Off                ; Off                ;
; Ignore GLOBAL Buffers                                                           ; Off                ; Off                ;
; Ignore ROW GLOBAL Buffers                                                       ; Off                ; Off                ;
; Ignore LCELL Buffers                                                            ; Off                ; Off                ;
; Ignore SOFT Buffers                                                             ; On                 ; On                 ;
; Limit AHDL Integers to 32 Bits                                                  ; Off                ; Off                ;
; Optimization Technique                                                          ; Balanced           ; Balanced           ;
; Carry Chain Length                                                              ; 70                 ; 70                 ;
; Auto Carry Chains                                                               ; On                 ; On                 ;
; Auto Open-Drain Pins                                                            ; On                 ; On                 ;
; Perform WYSIWYG Primitive Resynthesis                                           ; Off                ; Off                ;
; Auto ROM Replacement                                                            ; On                 ; On                 ;
; Auto RAM Replacement                                                            ; On                 ; On                 ;
; Auto DSP Block Replacement                                                      ; On                 ; On                 ;
; Auto Shift Register Replacement                                                 ; Auto               ; Auto               ;
; Allow Shift Register Merging across Hierarchies                                 ; Auto               ; Auto               ;
; Auto Clock Enable Replacement                                                   ; On                 ; On                 ;
; Strict RAM Replacement                                                          ; Off                ; Off                ;
; Allow Synchronous Control Signals                                               ; On                 ; On                 ;
; Force Use of Synchronous Clear Signals                                          ; Off                ; Off                ;
; Auto Resource Sharing                                                           ; Off                ; Off                ;
; Allow Any RAM Size For Recognition                                              ; Off                ; Off                ;
; Allow Any ROM Size For Recognition                                              ; Off                ; Off                ;
; Allow Any Shift Register Size For Recognition                                   ; Off                ; Off                ;
; Use LogicLock Constraints during Resource Balancing                             ; On                 ; On                 ;
; Ignore translate_off and synthesis_off directives                               ; Off                ; Off                ;
; Timing-Driven Synthesis                                                         ; On                 ; On                 ;
; Report Parameter Settings                                                       ; On                 ; On                 ;
; Report Source Assignments                                                       ; On                 ; On                 ;
; Report Connectivity Checks                                                      ; On                 ; On                 ;
; Ignore Maximum Fan-Out Assignments                                              ; Off                ; Off                ;
; Synchronization Register Chain Length                                           ; 3                  ; 3                  ;
; Power Optimization During Synthesis                                             ; Normal compilation ; Normal compilation ;
; HDL message level                                                               ; Level2             ; Level2             ;
; Suppress Register Optimization Related Messages                                 ; Off                ; Off                ;
; Number of Removed Registers Reported in Synthesis Report                        ; 5000               ; 5000               ;
; Number of Swept Nodes Reported in Synthesis Report                              ; 5000               ; 5000               ;
; Number of Inverted Registers Reported in Synthesis Report                       ; 100                ; 100                ;
; Clock MUX Protection                                                            ; On                 ; On                 ;
; Auto Gated Clock Conversion                                                     ; Off                ; Off                ;
; Block Design Naming                                                             ; Auto               ; Auto               ;
; SDC constraint protection                                                       ; Off                ; Off                ;
; Synthesis Effort                                                                ; Auto               ; Auto               ;
; Shift Register Replacement - Allow Asynchronous Clear Signal                    ; On                 ; On                 ;
; Pre-Mapping Resynthesis Optimization                                            ; Off                ; Off                ;
; Analysis & Synthesis Message Level                                              ; Medium             ; Medium             ;
; Disable Register Merging Across Hierarchies                                     ; Auto               ; Auto               ;
; Resource Aware Inference For Block RAM                                          ; On                 ; On                 ;
; Automatic Parallel Synthesis                                                    ; On                 ; On                 ;
; Partial Reconfiguration Bitstream ID                                            ; Off                ; Off                ;
+---------------------------------------------------------------------------------+--------------------+--------------------+


+------------------------------------------+
; Parallel Compilation                     ;
+----------------------------+-------------+
; Processors                 ; Number      ;
+----------------------------+-------------+
; Number detected on machine ; 8           ;
; Maximum allowed            ; 4           ;
;                            ;             ;
; Average used               ; 1.00        ;
; Maximum used               ; 4           ;
;                            ;             ;
; Usage by Processor         ; % Time Used ;
;     Processor 1            ; 100.0%      ;
;     Processors 2-4         ;   0.0%      ;
+----------------------------+-------------+


+----------------------------------------------------------------------------------------------------------------------------------------+
; Analysis & Synthesis Source Files Read                                                                                                 ;
+----------------------------------+-----------------+-----------------+-------------------------------------------------------+---------+
; File Name with User-Entered Path ; Used in Netlist ; File Type       ; File Name with Absolute Path                          ; Library ;
+----------------------------------+-----------------+-----------------+-------------------------------------------------------+---------+
; top.vhd                          ; yes             ; User VHDL File  ; C:/Users/Louis/Desktop/EELE 367/Lab 9-2/top.vhd       ;         ;
; dflipflop.vhd                    ; yes             ; User VHDL File  ; C:/Users/Louis/Desktop/EELE 367/Lab 9-2/dflipflop.vhd ;         ;
+----------------------------------+-----------------+-----------------+-------------------------------------------------------+---------+


+------------------------------------------------------------+
; Analysis & Synthesis Resource Usage Summary                ;
+---------------------------------------------+--------------+
; Resource                                    ; Usage        ;
+---------------------------------------------+--------------+
; Estimate of Logic utilization (ALMs needed) ; 22           ;
;                                             ;              ;
; Combinational ALUT usage for logic          ; 40           ;
;     -- 7 input functions                    ; 0            ;
;     -- 6 input functions                    ; 3            ;
;     -- 5 input functions                    ; 2            ;
;     -- 4 input functions                    ; 5            ;
;     -- <=3 input functions                  ; 30           ;
;                                             ;              ;
; Dedicated logic registers                   ; 33           ;
;                                             ;              ;
; I/O pins                                    ; 65           ;
;                                             ;              ;
; Total DSP Blocks                            ; 0            ;
;                                             ;              ;
; Maximum fan-out node                        ; Reset1~input ;
; Maximum fan-out                             ; 33           ;
; Total fan-out                               ; 276          ;
; Average fan-out                             ; 1.36         ;
+---------------------------------------------+--------------+


+----------------------------------------------------------------------------------------------------------------------------------------------------------------------------------------+
; Analysis & Synthesis Resource Utilization by Entity                                                                                                                                    ;
+----------------------------+---------------------+---------------------------+-------------------+------------+------+--------------+---------------------+-------------+--------------+
; Compilation Hierarchy Node ; Combinational ALUTs ; Dedicated Logic Registers ; Block Memory Bits ; DSP Blocks ; Pins ; Virtual Pins ; Full Hierarchy Name ; Entity Name ; Library Name ;
+----------------------------+---------------------+---------------------------+-------------------+------------+------+--------------+---------------------+-------------+--------------+
; |top                       ; 40 (17)             ; 33 (10)                   ; 0                 ; 0          ; 65   ; 0            ; |top                ; top         ; work         ;
;    |dflipflop:D0|          ; 1 (1)               ; 1 (1)                     ; 0                 ; 0          ; 0    ; 0            ; |top|dflipflop:D0   ; dflipflop   ; work         ;
;    |dflipflop:D10|         ; 1 (1)               ; 1 (1)                     ; 0                 ; 0          ; 0    ; 0            ; |top|dflipflop:D10  ; dflipflop   ; work         ;
;    |dflipflop:D11|         ; 1 (1)               ; 1 (1)                     ; 0                 ; 0          ; 0    ; 0            ; |top|dflipflop:D11  ; dflipflop   ; work         ;
;    |dflipflop:D12|         ; 1 (1)               ; 1 (1)                     ; 0                 ; 0          ; 0    ; 0            ; |top|dflipflop:D12  ; dflipflop   ; work         ;
;    |dflipflop:D13|         ; 1 (1)               ; 1 (1)                     ; 0                 ; 0          ; 0    ; 0            ; |top|dflipflop:D13  ; dflipflop   ; work         ;
;    |dflipflop:D14|         ; 1 (1)               ; 1 (1)                     ; 0                 ; 0          ; 0    ; 0            ; |top|dflipflop:D14  ; dflipflop   ; work         ;
;    |dflipflop:D15|         ; 1 (1)               ; 1 (1)                     ; 0                 ; 0          ; 0    ; 0            ; |top|dflipflop:D15  ; dflipflop   ; work         ;
;    |dflipflop:D16|         ; 1 (1)               ; 1 (1)                     ; 0                 ; 0          ; 0    ; 0            ; |top|dflipflop:D16  ; dflipflop   ; work         ;
;    |dflipflop:D17|         ; 1 (1)               ; 1 (1)                     ; 0                 ; 0          ; 0    ; 0            ; |top|dflipflop:D17  ; dflipflop   ; work         ;
;    |dflipflop:D18|         ; 1 (1)               ; 1 (1)                     ; 0                 ; 0          ; 0    ; 0            ; |top|dflipflop:D18  ; dflipflop   ; work         ;
;    |dflipflop:D19|         ; 1 (1)               ; 1 (1)                     ; 0                 ; 0          ; 0    ; 0            ; |top|dflipflop:D19  ; dflipflop   ; work         ;
;    |dflipflop:D1|          ; 1 (1)               ; 1 (1)                     ; 0                 ; 0          ; 0    ; 0            ; |top|dflipflop:D1   ; dflipflop   ; work         ;
;    |dflipflop:D20|         ; 1 (1)               ; 1 (1)                     ; 0                 ; 0          ; 0    ; 0            ; |top|dflipflop:D20  ; dflipflop   ; work         ;
;    |dflipflop:D21|         ; 2 (2)               ; 2 (2)                     ; 0                 ; 0          ; 0    ; 0            ; |top|dflipflop:D21  ; dflipflop   ; work         ;
;    |dflipflop:D2|          ; 1 (1)               ; 1 (1)                     ; 0                 ; 0          ; 0    ; 0            ; |top|dflipflop:D2   ; dflipflop   ; work         ;
;    |dflipflop:D3|          ; 1 (1)               ; 1 (1)                     ; 0                 ; 0          ; 0    ; 0            ; |top|dflipflop:D3   ; dflipflop   ; work         ;
;    |dflipflop:D4|          ; 1 (1)               ; 1 (1)                     ; 0                 ; 0          ; 0    ; 0            ; |top|dflipflop:D4   ; dflipflop   ; work         ;
;    |dflipflop:D5|          ; 1 (1)               ; 1 (1)                     ; 0                 ; 0          ; 0    ; 0            ; |top|dflipflop:D5   ; dflipflop   ; work         ;
;    |dflipflop:D6|          ; 1 (1)               ; 1 (1)                     ; 0                 ; 0          ; 0    ; 0            ; |top|dflipflop:D6   ; dflipflop   ; work         ;
;    |dflipflop:D7|          ; 1 (1)               ; 1 (1)                     ; 0                 ; 0          ; 0    ; 0            ; |top|dflipflop:D7   ; dflipflop   ; work         ;
;    |dflipflop:D8|          ; 1 (1)               ; 1 (1)                     ; 0                 ; 0          ; 0    ; 0            ; |top|dflipflop:D8   ; dflipflop   ; work         ;
;    |dflipflop:D9|          ; 1 (1)               ; 1 (1)                     ; 0                 ; 0          ; 0    ; 0            ; |top|dflipflop:D9   ; dflipflop   ; work         ;
+----------------------------+---------------------+---------------------------+-------------------+------------+------+--------------+---------------------+-------------+--------------+
Note: For table entries with two numbers listed, the numbers in parentheses indicate the number of resources of the given type used by the specific entity alone. The numbers listed outside of parentheses indicate the total resources of the given type used by the specific entity and all of its sub-entities in the hierarchy.


Encoding Type:  One-Hot
+----------------------------------------------------------------------------------------------------------------------------------------------------------------------------------------------------------------+
; State Machine - |top|current_state                                                                                                                                                                             ;
+------------------+------------------+------------------+------------------+------------------+------------------+------------------+------------------+------------------+------------------+------------------+
; Name             ; current_state.S9 ; current_state.S8 ; current_state.S7 ; current_state.S6 ; current_state.S5 ; current_state.S4 ; current_state.S3 ; current_state.S2 ; current_state.S1 ; current_state.S0 ;
+------------------+------------------+------------------+------------------+------------------+------------------+------------------+------------------+------------------+------------------+------------------+
; current_state.S0 ; 0                ; 0                ; 0                ; 0                ; 0                ; 0                ; 0                ; 0                ; 0                ; 0                ;
; current_state.S1 ; 0                ; 0                ; 0                ; 0                ; 0                ; 0                ; 0                ; 0                ; 1                ; 1                ;
; current_state.S2 ; 0                ; 0                ; 0                ; 0                ; 0                ; 0                ; 0                ; 1                ; 0                ; 1                ;
; current_state.S3 ; 0                ; 0                ; 0                ; 0                ; 0                ; 0                ; 1                ; 0                ; 0                ; 1                ;
; current_state.S4 ; 0                ; 0                ; 0                ; 0                ; 0                ; 1                ; 0                ; 0                ; 0                ; 1                ;
; current_state.S5 ; 0                ; 0                ; 0                ; 0                ; 1                ; 0                ; 0                ; 0                ; 0                ; 1                ;
; current_state.S6 ; 0                ; 0                ; 0                ; 1                ; 0                ; 0                ; 0                ; 0                ; 0                ; 1                ;
; current_state.S7 ; 0                ; 0                ; 1                ; 0                ; 0                ; 0                ; 0                ; 0                ; 0                ; 1                ;
; current_state.S8 ; 0                ; 1                ; 0                ; 0                ; 0                ; 0                ; 0                ; 0                ; 0                ; 1                ;
; current_state.S9 ; 1                ; 0                ; 0                ; 0                ; 0                ; 0                ; 0                ; 0                ; 0                ; 1                ;
+------------------+------------------+------------------+------------------+------------------+------------------+------------------+------------------+------------------+------------------+------------------+


+------------------------------------------------------+
; General Register Statistics                          ;
+----------------------------------------------+-------+
; Statistic                                    ; Value ;
+----------------------------------------------+-------+
; Total registers                              ; 33    ;
; Number of registers using Synchronous Clear  ; 0     ;
; Number of registers using Synchronous Load   ; 0     ;
; Number of registers using Asynchronous Clear ; 33    ;
; Number of registers using Asynchronous Load  ; 0     ;
; Number of registers using Clock Enable       ; 0     ;
; Number of registers using Preset             ; 0     ;
+----------------------------------------------+-------+


+---------------------------------------------------+
; Inverted Register Statistics                      ;
+-----------------------------------------+---------+
; Inverted Register                       ; Fan out ;
+-----------------------------------------+---------+
; dflipflop:D21|Qn                        ; 2       ;
; dflipflop:D20|Qn                        ; 3       ;
; dflipflop:D19|Qn                        ; 2       ;
; dflipflop:D18|Qn                        ; 2       ;
; dflipflop:D17|Qn                        ; 2       ;
; dflipflop:D16|Qn                        ; 2       ;
; dflipflop:D15|Qn                        ; 2       ;
; dflipflop:D14|Qn                        ; 2       ;
; dflipflop:D13|Qn                        ; 2       ;
; dflipflop:D12|Qn                        ; 2       ;
; dflipflop:D11|Qn                        ; 2       ;
; dflipflop:D10|Qn                        ; 2       ;
; dflipflop:D9|Qn                         ; 2       ;
; dflipflop:D8|Qn                         ; 2       ;
; dflipflop:D7|Qn                         ; 2       ;
; dflipflop:D6|Qn                         ; 2       ;
; dflipflop:D5|Qn                         ; 2       ;
; dflipflop:D4|Qn                         ; 2       ;
; dflipflop:D3|Qn                         ; 2       ;
; dflipflop:D2|Qn                         ; 2       ;
; dflipflop:D1|Qn                         ; 2       ;
; dflipflop:D0|Qn                         ; 2       ;
; Total number of inverted registers = 22 ;         ;
+-----------------------------------------+---------+


+------------------------------------------------------------------------------------------------------------------------------------------+
; Multiplexer Restructuring Statistics (Restructuring Performed)                                                                           ;
+--------------------+-----------+---------------+----------------------+------------------------+------------+----------------------------+
; Multiplexer Inputs ; Bus Width ; Baseline Area ; Area if Restructured ; Saving if Restructured ; Registered ; Example Multiplexer Output ;
+--------------------+-----------+---------------+----------------------+------------------------+------------+----------------------------+
; 9:1                ; 2 bits    ; 12 LEs        ; 12 LEs               ; 0 LEs                  ; No         ; |top|LEDR[8]               ;
; 19:1               ; 2 bits    ; 24 LEs        ; 24 LEs               ; 0 LEs                  ; No         ; |top|next_state.S8         ;
+--------------------+-----------+---------------+----------------------+------------------------+------------+----------------------------+


+----------------------------------------------------------------------------------------------------------------+
; Port Connectivity Checks: "dflipflop:D20"                                                                      ;
+------+--------+----------+-------------------------------------------------------------------------------------+
; Port ; Type   ; Severity ; Details                                                                             ;
+------+--------+----------+-------------------------------------------------------------------------------------+
; q    ; Output ; Info     ; Connected to dangling logic. Logic that only feeds a dangling port will be removed. ;
+------+--------+----------+-------------------------------------------------------------------------------------+


+----------------------------------------------------------------------------------------------------------------+
; Port Connectivity Checks: "dflipflop:D19"                                                                      ;
+------+--------+----------+-------------------------------------------------------------------------------------+
; Port ; Type   ; Severity ; Details                                                                             ;
+------+--------+----------+-------------------------------------------------------------------------------------+
; q    ; Output ; Info     ; Connected to dangling logic. Logic that only feeds a dangling port will be removed. ;
+------+--------+----------+-------------------------------------------------------------------------------------+


+----------------------------------------------------------------------------------------------------------------+
; Port Connectivity Checks: "dflipflop:D18"                                                                      ;
+------+--------+----------+-------------------------------------------------------------------------------------+
; Port ; Type   ; Severity ; Details                                                                             ;
+------+--------+----------+-------------------------------------------------------------------------------------+
; q    ; Output ; Info     ; Connected to dangling logic. Logic that only feeds a dangling port will be removed. ;
+------+--------+----------+-------------------------------------------------------------------------------------+


+----------------------------------------------------------------------------------------------------------------+
; Port Connectivity Checks: "dflipflop:D17"                                                                      ;
+------+--------+----------+-------------------------------------------------------------------------------------+
; Port ; Type   ; Severity ; Details                                                                             ;
+------+--------+----------+-------------------------------------------------------------------------------------+
; q    ; Output ; Info     ; Connected to dangling logic. Logic that only feeds a dangling port will be removed. ;
+------+--------+----------+-------------------------------------------------------------------------------------+


+----------------------------------------------------------------------------------------------------------------+
; Port Connectivity Checks: "dflipflop:D16"                                                                      ;
+------+--------+----------+-------------------------------------------------------------------------------------+
; Port ; Type   ; Severity ; Details                                                                             ;
+------+--------+----------+-------------------------------------------------------------------------------------+
; q    ; Output ; Info     ; Connected to dangling logic. Logic that only feeds a dangling port will be removed. ;
+------+--------+----------+-------------------------------------------------------------------------------------+


+----------------------------------------------------------------------------------------------------------------+
; Port Connectivity Checks: "dflipflop:D15"                                                                      ;
+------+--------+----------+-------------------------------------------------------------------------------------+
; Port ; Type   ; Severity ; Details                                                                             ;
+------+--------+----------+-------------------------------------------------------------------------------------+
; q    ; Output ; Info     ; Connected to dangling logic. Logic that only feeds a dangling port will be removed. ;
+------+--------+----------+-------------------------------------------------------------------------------------+


+----------------------------------------------------------------------------------------------------------------+
; Port Connectivity Checks: "dflipflop:D14"                                                                      ;
+------+--------+----------+-------------------------------------------------------------------------------------+
; Port ; Type   ; Severity ; Details                                                                             ;
+------+--------+----------+-------------------------------------------------------------------------------------+
; q    ; Output ; Info     ; Connected to dangling logic. Logic that only feeds a dangling port will be removed. ;
+------+--------+----------+-------------------------------------------------------------------------------------+


+----------------------------------------------------------------------------------------------------------------+
; Port Connectivity Checks: "dflipflop:D13"                                                                      ;
+------+--------+----------+-------------------------------------------------------------------------------------+
; Port ; Type   ; Severity ; Details                                                                             ;
+------+--------+----------+-------------------------------------------------------------------------------------+
; q    ; Output ; Info     ; Connected to dangling logic. Logic that only feeds a dangling port will be removed. ;
+------+--------+----------+-------------------------------------------------------------------------------------+


+----------------------------------------------------------------------------------------------------------------+
; Port Connectivity Checks: "dflipflop:D12"                                                                      ;
+------+--------+----------+-------------------------------------------------------------------------------------+
; Port ; Type   ; Severity ; Details                                                                             ;
+------+--------+----------+-------------------------------------------------------------------------------------+
; q    ; Output ; Info     ; Connected to dangling logic. Logic that only feeds a dangling port will be removed. ;
+------+--------+----------+-------------------------------------------------------------------------------------+


+----------------------------------------------------------------------------------------------------------------+
; Port Connectivity Checks: "dflipflop:D11"                                                                      ;
+------+--------+----------+-------------------------------------------------------------------------------------+
; Port ; Type   ; Severity ; Details                                                                             ;
+------+--------+----------+-------------------------------------------------------------------------------------+
; q    ; Output ; Info     ; Connected to dangling logic. Logic that only feeds a dangling port will be removed. ;
+------+--------+----------+-------------------------------------------------------------------------------------+


+----------------------------------------------------------------------------------------------------------------+
; Port Connectivity Checks: "dflipflop:D10"                                                                      ;
+------+--------+----------+-------------------------------------------------------------------------------------+
; Port ; Type   ; Severity ; Details                                                                             ;
+------+--------+----------+-------------------------------------------------------------------------------------+
; q    ; Output ; Info     ; Connected to dangling logic. Logic that only feeds a dangling port will be removed. ;
+------+--------+----------+-------------------------------------------------------------------------------------+


+----------------------------------------------------------------------------------------------------------------+
; Port Connectivity Checks: "dflipflop:D9"                                                                       ;
+------+--------+----------+-------------------------------------------------------------------------------------+
; Port ; Type   ; Severity ; Details                                                                             ;
+------+--------+----------+-------------------------------------------------------------------------------------+
; q    ; Output ; Info     ; Connected to dangling logic. Logic that only feeds a dangling port will be removed. ;
+------+--------+----------+-------------------------------------------------------------------------------------+


+----------------------------------------------------------------------------------------------------------------+
; Port Connectivity Checks: "dflipflop:D8"                                                                       ;
+------+--------+----------+-------------------------------------------------------------------------------------+
; Port ; Type   ; Severity ; Details                                                                             ;
+------+--------+----------+-------------------------------------------------------------------------------------+
; q    ; Output ; Info     ; Connected to dangling logic. Logic that only feeds a dangling port will be removed. ;
+------+--------+----------+-------------------------------------------------------------------------------------+


+----------------------------------------------------------------------------------------------------------------+
; Port Connectivity Checks: "dflipflop:D7"                                                                       ;
+------+--------+----------+-------------------------------------------------------------------------------------+
; Port ; Type   ; Severity ; Details                                                                             ;
+------+--------+----------+-------------------------------------------------------------------------------------+
; q    ; Output ; Info     ; Connected to dangling logic. Logic that only feeds a dangling port will be removed. ;
+------+--------+----------+-------------------------------------------------------------------------------------+


+----------------------------------------------------------------------------------------------------------------+
; Port Connectivity Checks: "dflipflop:D6"                                                                       ;
+------+--------+----------+-------------------------------------------------------------------------------------+
; Port ; Type   ; Severity ; Details                                                                             ;
+------+--------+----------+-------------------------------------------------------------------------------------+
; q    ; Output ; Info     ; Connected to dangling logic. Logic that only feeds a dangling port will be removed. ;
+------+--------+----------+-------------------------------------------------------------------------------------+


+----------------------------------------------------------------------------------------------------------------+
; Port Connectivity Checks: "dflipflop:D5"                                                                       ;
+------+--------+----------+-------------------------------------------------------------------------------------+
; Port ; Type   ; Severity ; Details                                                                             ;
+------+--------+----------+-------------------------------------------------------------------------------------+
; q    ; Output ; Info     ; Connected to dangling logic. Logic that only feeds a dangling port will be removed. ;
+------+--------+----------+-------------------------------------------------------------------------------------+


+----------------------------------------------------------------------------------------------------------------+
; Port Connectivity Checks: "dflipflop:D4"                                                                       ;
+------+--------+----------+-------------------------------------------------------------------------------------+
; Port ; Type   ; Severity ; Details                                                                             ;
+------+--------+----------+-------------------------------------------------------------------------------------+
; q    ; Output ; Info     ; Connected to dangling logic. Logic that only feeds a dangling port will be removed. ;
+------+--------+----------+-------------------------------------------------------------------------------------+


+----------------------------------------------------------------------------------------------------------------+
; Port Connectivity Checks: "dflipflop:D3"                                                                       ;
+------+--------+----------+-------------------------------------------------------------------------------------+
; Port ; Type   ; Severity ; Details                                                                             ;
+------+--------+----------+-------------------------------------------------------------------------------------+
; q    ; Output ; Info     ; Connected to dangling logic. Logic that only feeds a dangling port will be removed. ;
+------+--------+----------+-------------------------------------------------------------------------------------+


+----------------------------------------------------------------------------------------------------------------+
; Port Connectivity Checks: "dflipflop:D2"                                                                       ;
+------+--------+----------+-------------------------------------------------------------------------------------+
; Port ; Type   ; Severity ; Details                                                                             ;
+------+--------+----------+-------------------------------------------------------------------------------------+
; q    ; Output ; Info     ; Connected to dangling logic. Logic that only feeds a dangling port will be removed. ;
+------+--------+----------+-------------------------------------------------------------------------------------+


+----------------------------------------------------------------------------------------------------------------+
; Port Connectivity Checks: "dflipflop:D1"                                                                       ;
+------+--------+----------+-------------------------------------------------------------------------------------+
; Port ; Type   ; Severity ; Details                                                                             ;
+------+--------+----------+-------------------------------------------------------------------------------------+
; q    ; Output ; Info     ; Connected to dangling logic. Logic that only feeds a dangling port will be removed. ;
+------+--------+----------+-------------------------------------------------------------------------------------+


+----------------------------------------------------------------------------------------------------------------+
; Port Connectivity Checks: "dflipflop:D0"                                                                       ;
+------+--------+----------+-------------------------------------------------------------------------------------+
; Port ; Type   ; Severity ; Details                                                                             ;
+------+--------+----------+-------------------------------------------------------------------------------------+
; q    ; Output ; Info     ; Connected to dangling logic. Logic that only feeds a dangling port will be removed. ;
+------+--------+----------+-------------------------------------------------------------------------------------+


+-----------------------------------------------------+
; Post-Synthesis Netlist Statistics for Top Partition ;
+-----------------------+-----------------------------+
; Type                  ; Count                       ;
+-----------------------+-----------------------------+
; arriav_ff             ; 33                          ;
;     CLR               ; 33                          ;
; arriav_lcell_comb     ; 43                          ;
;     normal            ; 43                          ;
;         0 data inputs ; 1                           ;
;         1 data inputs ; 25                          ;
;         3 data inputs ; 7                           ;
;         4 data inputs ; 5                           ;
;         5 data inputs ; 2                           ;
;         6 data inputs ; 3                           ;
; boundary_port         ; 65                          ;
;                       ;                             ;
; Max LUT depth         ; 3.00                        ;
; Average LUT depth     ; 1.41                        ;
+-----------------------+-----------------------------+


+-------------------------------+
; Elapsed Time Per Partition    ;
+----------------+--------------+
; Partition Name ; Elapsed Time ;
+----------------+--------------+
; Top            ; 00:00:00     ;
+----------------+--------------+


+-------------------------------+
; Analysis & Synthesis Messages ;
+-------------------------------+
Info: *******************************************************************
Info: Running Quartus Prime Analysis & Synthesis
    Info: Version 18.0.0 Build 614 04/24/2018 SJ Lite Edition
    Info: Processing started: Tue Feb 12 16:48:52 2019
Info: Command: quartus_map --read_settings_files=on --write_settings_files=off lab_9-2 -c top
Warning (18236): Number of processors has not been specified which may cause overloading on shared machines.  Set the global assignment NUM_PARALLEL_PROCESSORS in your QSF to an appropriate value for best performance.
Info (20030): Parallel compilation is enabled and will use 4 of the 4 processors detected
Info (12021): Found 2 design units, including 1 entities, in source file top.vhd
    Info (12022): Found design unit 1: top-top_arch File: C:/Users/Louis/Desktop/EELE 367/Lab 9-2/top.vhd Line: 18
    Info (12023): Found entity 1: top File: C:/Users/Louis/Desktop/EELE 367/Lab 9-2/top.vhd Line: 4
Info (12021): Found 2 design units, including 1 entities, in source file char_decoder.vhd
    Info (12022): Found design unit 1: char_decoder-char_decoder_arch File: C:/Users/Louis/Desktop/EELE 367/Lab 9-2/char_decoder.vhd Line: 9
    Info (12023): Found entity 1: char_decoder File: C:/Users/Louis/Desktop/EELE 367/Lab 9-2/char_decoder.vhd Line: 4
Info (12021): Found 2 design units, including 1 entities, in source file dflipflop.vhd
    Info (12022): Found design unit 1: dflipflop-dflipflop_arch File: C:/Users/Louis/Desktop/EELE 367/Lab 9-2/dflipflop.vhd Line: 12
    Info (12023): Found entity 1: dflipflop File: C:/Users/Louis/Desktop/EELE 367/Lab 9-2/dflipflop.vhd Line: 5
Info (12127): Elaborating entity "top" for the top level hierarchy
Warning (10541): VHDL Signal Declaration warning at top.vhd(9): used implicit default value for signal "HEX0" because signal was never assigned a value or an explicit default value. Use of implicit default value may introduce unintended design optimizations. File: C:/Users/Louis/Desktop/EELE 367/Lab 9-2/top.vhd Line: 9
Warning (10541): VHDL Signal Declaration warning at top.vhd(10): used implicit default value for signal "HEX1" because signal was never assigned a value or an explicit default value. Use of implicit default value may introduce unintended design optimizations. File: C:/Users/Louis/Desktop/EELE 367/Lab 9-2/top.vhd Line: 10
Warning (10541): VHDL Signal Declaration warning at top.vhd(11): used implicit default value for signal "HEX2" because signal was never assigned a value or an explicit default value. Use of implicit default value may introduce unintended design optimizations. File: C:/Users/Louis/Desktop/EELE 367/Lab 9-2/top.vhd Line: 11
Warning (10541): VHDL Signal Declaration warning at top.vhd(12): used implicit default value for signal "HEX3" because signal was never assigned a value or an explicit default value. Use of implicit default value may introduce unintended design optimizations. File: C:/Users/Louis/Desktop/EELE 367/Lab 9-2/top.vhd Line: 12
Warning (10541): VHDL Signal Declaration warning at top.vhd(13): used implicit default value for signal "HEX4" because signal was never assigned a value or an explicit default value. Use of implicit default value may introduce unintended design optimizations. File: C:/Users/Louis/Desktop/EELE 367/Lab 9-2/top.vhd Line: 13
Warning (10541): VHDL Signal Declaration warning at top.vhd(14): used implicit default value for signal "HEX5" because signal was never assigned a value or an explicit default value. Use of implicit default value may introduce unintended design optimizations. File: C:/Users/Louis/Desktop/EELE 367/Lab 9-2/top.vhd Line: 14
Warning (10631): VHDL Process Statement warning at top.vhd(82): inferring latch(es) for signal or variable "next_state", which holds its previous value in one or more paths through the process File: C:/Users/Louis/Desktop/EELE 367/Lab 9-2/top.vhd Line: 82
Warning (10631): VHDL Process Statement warning at top.vhd(131): inferring latch(es) for signal or variable "LEDR", which holds its previous value in one or more paths through the process File: C:/Users/Louis/Desktop/EELE 367/Lab 9-2/top.vhd Line: 131
Warning (10631): VHDL Process Statement warning at top.vhd(131): inferring latch(es) for signal or variable "GPIO_1", which holds its previous value in one or more paths through the process File: C:/Users/Louis/Desktop/EELE 367/Lab 9-2/top.vhd Line: 131
Info (10041): Inferred latch for "GPIO_1[0]" at top.vhd(131) File: C:/Users/Louis/Desktop/EELE 367/Lab 9-2/top.vhd Line: 131
Info (10041): Inferred latch for "GPIO_1[1]" at top.vhd(131) File: C:/Users/Louis/Desktop/EELE 367/Lab 9-2/top.vhd Line: 131
Info (10041): Inferred latch for "GPIO_1[2]" at top.vhd(131) File: C:/Users/Louis/Desktop/EELE 367/Lab 9-2/top.vhd Line: 131
Info (10041): Inferred latch for "GPIO_1[3]" at top.vhd(131) File: C:/Users/Louis/Desktop/EELE 367/Lab 9-2/top.vhd Line: 131
Info (10041): Inferred latch for "GPIO_1[4]" at top.vhd(131) File: C:/Users/Louis/Desktop/EELE 367/Lab 9-2/top.vhd Line: 131
Info (10041): Inferred latch for "GPIO_1[5]" at top.vhd(131) File: C:/Users/Louis/Desktop/EELE 367/Lab 9-2/top.vhd Line: 131
Info (10041): Inferred latch for "GPIO_1[6]" at top.vhd(131) File: C:/Users/Louis/Desktop/EELE 367/Lab 9-2/top.vhd Line: 131
Info (10041): Inferred latch for "GPIO_1[7]" at top.vhd(131) File: C:/Users/Louis/Desktop/EELE 367/Lab 9-2/top.vhd Line: 131
Info (10041): Inferred latch for "GPIO_1[8]" at top.vhd(131) File: C:/Users/Louis/Desktop/EELE 367/Lab 9-2/top.vhd Line: 131
Info (10041): Inferred latch for "GPIO_1[9]" at top.vhd(131) File: C:/Users/Louis/Desktop/EELE 367/Lab 9-2/top.vhd Line: 131
Info (10041): Inferred latch for "LEDR[0]" at top.vhd(131) File: C:/Users/Louis/Desktop/EELE 367/Lab 9-2/top.vhd Line: 131
Info (10041): Inferred latch for "LEDR[1]" at top.vhd(131) File: C:/Users/Louis/Desktop/EELE 367/Lab 9-2/top.vhd Line: 131
Info (10041): Inferred latch for "LEDR[2]" at top.vhd(131) File: C:/Users/Louis/Desktop/EELE 367/Lab 9-2/top.vhd Line: 131
Info (10041): Inferred latch for "LEDR[3]" at top.vhd(131) File: C:/Users/Louis/Desktop/EELE 367/Lab 9-2/top.vhd Line: 131
Info (10041): Inferred latch for "LEDR[4]" at top.vhd(131) File: C:/Users/Louis/Desktop/EELE 367/Lab 9-2/top.vhd Line: 131
Info (10041): Inferred latch for "LEDR[5]" at top.vhd(131) File: C:/Users/Louis/Desktop/EELE 367/Lab 9-2/top.vhd Line: 131
Info (10041): Inferred latch for "LEDR[6]" at top.vhd(131) File: C:/Users/Louis/Desktop/EELE 367/Lab 9-2/top.vhd Line: 131
Info (10041): Inferred latch for "LEDR[7]" at top.vhd(131) File: C:/Users/Louis/Desktop/EELE 367/Lab 9-2/top.vhd Line: 131
Info (10041): Inferred latch for "LEDR[8]" at top.vhd(131) File: C:/Users/Louis/Desktop/EELE 367/Lab 9-2/top.vhd Line: 131
Info (10041): Inferred latch for "LEDR[9]" at top.vhd(131) File: C:/Users/Louis/Desktop/EELE 367/Lab 9-2/top.vhd Line: 131
Info (10041): Inferred latch for "next_state.S9" at top.vhd(82) File: C:/Users/Louis/Desktop/EELE 367/Lab 9-2/top.vhd Line: 82
Info (10041): Inferred latch for "next_state.S8" at top.vhd(82) File: C:/Users/Louis/Desktop/EELE 367/Lab 9-2/top.vhd Line: 82
Info (10041): Inferred latch for "next_state.S7" at top.vhd(82) File: C:/Users/Louis/Desktop/EELE 367/Lab 9-2/top.vhd Line: 82
Info (10041): Inferred latch for "next_state.S6" at top.vhd(82) File: C:/Users/Louis/Desktop/EELE 367/Lab 9-2/top.vhd Line: 82
Info (10041): Inferred latch for "next_state.S5" at top.vhd(82) File: C:/Users/Louis/Desktop/EELE 367/Lab 9-2/top.vhd Line: 82
Info (10041): Inferred latch for "next_state.S4" at top.vhd(82) File: C:/Users/Louis/Desktop/EELE 367/Lab 9-2/top.vhd Line: 82
Info (10041): Inferred latch for "next_state.S3" at top.vhd(82) File: C:/Users/Louis/Desktop/EELE 367/Lab 9-2/top.vhd Line: 82
Info (10041): Inferred latch for "next_state.S2" at top.vhd(82) File: C:/Users/Louis/Desktop/EELE 367/Lab 9-2/top.vhd Line: 82
Info (10041): Inferred latch for "next_state.S1" at top.vhd(82) File: C:/Users/Louis/Desktop/EELE 367/Lab 9-2/top.vhd Line: 82
Info (10041): Inferred latch for "next_state.S0" at top.vhd(82) File: C:/Users/Louis/Desktop/EELE 367/Lab 9-2/top.vhd Line: 82
Info (12128): Elaborating entity "dflipflop" for hierarchy "dflipflop:D0" File: C:/Users/Louis/Desktop/EELE 367/Lab 9-2/top.vhd Line: 46
Warning (12069): Ignored assignment(s) for "SW[0]" because "SW" is not a bus or array File: C:/Users/Louis/Desktop/EELE 367/Lab 9-2/top.vhd Line: 7
Warning (12069): Ignored assignment(s) for "SW[1]" because "SW" is not a bus or array File: C:/Users/Louis/Desktop/EELE 367/Lab 9-2/top.vhd Line: 7
Warning (12069): Ignored assignment(s) for "SW[2]" because "SW" is not a bus or array File: C:/Users/Louis/Desktop/EELE 367/Lab 9-2/top.vhd Line: 7
Warning (12069): Ignored assignment(s) for "SW[3]" because "SW" is not a bus or array File: C:/Users/Louis/Desktop/EELE 367/Lab 9-2/top.vhd Line: 7
Warning (13024): Output pins are stuck at VCC or GND
    Warning (13410): Pin "HEX0[0]" is stuck at GND File: C:/Users/Louis/Desktop/EELE 367/Lab 9-2/top.vhd Line: 9
    Warning (13410): Pin "HEX0[1]" is stuck at GND File: C:/Users/Louis/Desktop/EELE 367/Lab 9-2/top.vhd Line: 9
    Warning (13410): Pin "HEX0[2]" is stuck at GND File: C:/Users/Louis/Desktop/EELE 367/Lab 9-2/top.vhd Line: 9
    Warning (13410): Pin "HEX0[3]" is stuck at GND File: C:/Users/Louis/Desktop/EELE 367/Lab 9-2/top.vhd Line: 9
    Warning (13410): Pin "HEX0[4]" is stuck at GND File: C:/Users/Louis/Desktop/EELE 367/Lab 9-2/top.vhd Line: 9
    Warning (13410): Pin "HEX0[5]" is stuck at GND File: C:/Users/Louis/Desktop/EELE 367/Lab 9-2/top.vhd Line: 9
    Warning (13410): Pin "HEX0[6]" is stuck at GND File: C:/Users/Louis/Desktop/EELE 367/Lab 9-2/top.vhd Line: 9
    Warning (13410): Pin "HEX1[0]" is stuck at GND File: C:/Users/Louis/Desktop/EELE 367/Lab 9-2/top.vhd Line: 10
    Warning (13410): Pin "HEX1[1]" is stuck at GND File: C:/Users/Louis/Desktop/EELE 367/Lab 9-2/top.vhd Line: 10
    Warning (13410): Pin "HEX1[2]" is stuck at GND File: C:/Users/Louis/Desktop/EELE 367/Lab 9-2/top.vhd Line: 10
    Warning (13410): Pin "HEX1[3]" is stuck at GND File: C:/Users/Louis/Desktop/EELE 367/Lab 9-2/top.vhd Line: 10
    Warning (13410): Pin "HEX1[4]" is stuck at GND File: C:/Users/Louis/Desktop/EELE 367/Lab 9-2/top.vhd Line: 10
    Warning (13410): Pin "HEX1[5]" is stuck at GND File: C:/Users/Louis/Desktop/EELE 367/Lab 9-2/top.vhd Line: 10
    Warning (13410): Pin "HEX1[6]" is stuck at GND File: C:/Users/Louis/Desktop/EELE 367/Lab 9-2/top.vhd Line: 10
    Warning (13410): Pin "HEX2[0]" is stuck at GND File: C:/Users/Louis/Desktop/EELE 367/Lab 9-2/top.vhd Line: 11
    Warning (13410): Pin "HEX2[1]" is stuck at GND File: C:/Users/Louis/Desktop/EELE 367/Lab 9-2/top.vhd Line: 11
    Warning (13410): Pin "HEX2[2]" is stuck at GND File: C:/Users/Louis/Desktop/EELE 367/Lab 9-2/top.vhd Line: 11
    Warning (13410): Pin "HEX2[3]" is stuck at GND File: C:/Users/Louis/Desktop/EELE 367/Lab 9-2/top.vhd Line: 11
    Warning (13410): Pin "HEX2[4]" is stuck at GND File: C:/Users/Louis/Desktop/EELE 367/Lab 9-2/top.vhd Line: 11
    Warning (13410): Pin "HEX2[5]" is stuck at GND File: C:/Users/Louis/Desktop/EELE 367/Lab 9-2/top.vhd Line: 11
    Warning (13410): Pin "HEX2[6]" is stuck at GND File: C:/Users/Louis/Desktop/EELE 367/Lab 9-2/top.vhd Line: 11
    Warning (13410): Pin "HEX3[0]" is stuck at GND File: C:/Users/Louis/Desktop/EELE 367/Lab 9-2/top.vhd Line: 12
    Warning (13410): Pin "HEX3[1]" is stuck at GND File: C:/Users/Louis/Desktop/EELE 367/Lab 9-2/top.vhd Line: 12
    Warning (13410): Pin "HEX3[2]" is stuck at GND File: C:/Users/Louis/Desktop/EELE 367/Lab 9-2/top.vhd Line: 12
    Warning (13410): Pin "HEX3[3]" is stuck at GND File: C:/Users/Louis/Desktop/EELE 367/Lab 9-2/top.vhd Line: 12
    Warning (13410): Pin "HEX3[4]" is stuck at GND File: C:/Users/Louis/Desktop/EELE 367/Lab 9-2/top.vhd Line: 12
    Warning (13410): Pin "HEX3[5]" is stuck at GND File: C:/Users/Louis/Desktop/EELE 367/Lab 9-2/top.vhd Line: 12
    Warning (13410): Pin "HEX3[6]" is stuck at GND File: C:/Users/Louis/Desktop/EELE 367/Lab 9-2/top.vhd Line: 12
    Warning (13410): Pin "HEX4[0]" is stuck at GND File: C:/Users/Louis/Desktop/EELE 367/Lab 9-2/top.vhd Line: 13
    Warning (13410): Pin "HEX4[1]" is stuck at GND File: C:/Users/Louis/Desktop/EELE 367/Lab 9-2/top.vhd Line: 13
    Warning (13410): Pin "HEX4[2]" is stuck at GND File: C:/Users/Louis/Desktop/EELE 367/Lab 9-2/top.vhd Line: 13
    Warning (13410): Pin "HEX4[3]" is stuck at GND File: C:/Users/Louis/Desktop/EELE 367/Lab 9-2/top.vhd Line: 13
    Warning (13410): Pin "HEX4[4]" is stuck at GND File: C:/Users/Louis/Desktop/EELE 367/Lab 9-2/top.vhd Line: 13
    Warning (13410): Pin "HEX4[5]" is stuck at GND File: C:/Users/Louis/Desktop/EELE 367/Lab 9-2/top.vhd Line: 13
    Warning (13410): Pin "HEX4[6]" is stuck at GND File: C:/Users/Louis/Desktop/EELE 367/Lab 9-2/top.vhd Line: 13
    Warning (13410): Pin "HEX5[0]" is stuck at GND File: C:/Users/Louis/Desktop/EELE 367/Lab 9-2/top.vhd Line: 14
    Warning (13410): Pin "HEX5[1]" is stuck at GND File: C:/Users/Louis/Desktop/EELE 367/Lab 9-2/top.vhd Line: 14
    Warning (13410): Pin "HEX5[2]" is stuck at GND File: C:/Users/Louis/Desktop/EELE 367/Lab 9-2/top.vhd Line: 14
    Warning (13410): Pin "HEX5[3]" is stuck at GND File: C:/Users/Louis/Desktop/EELE 367/Lab 9-2/top.vhd Line: 14
    Warning (13410): Pin "HEX5[4]" is stuck at GND File: C:/Users/Louis/Desktop/EELE 367/Lab 9-2/top.vhd Line: 14
    Warning (13410): Pin "HEX5[5]" is stuck at GND File: C:/Users/Louis/Desktop/EELE 367/Lab 9-2/top.vhd Line: 14
    Warning (13410): Pin "HEX5[6]" is stuck at GND File: C:/Users/Louis/Desktop/EELE 367/Lab 9-2/top.vhd Line: 14
Info (286030): Timing-Driven Synthesis is running
Info (16010): Generating hard_block partition "hard_block:auto_generated_inst"
    Info (16011): Adding 0 node(s), including 0 DDIO, 0 PLL, 0 transceiver and 0 LCELL
Info (21057): Implemented 105 device resources after synthesis - the final resource count might be different
    Info (21058): Implemented 3 input pins
    Info (21059): Implemented 62 output pins
    Info (21061): Implemented 40 logic cells
Info: Quartus Prime Analysis & Synthesis was successful. 0 errors, 57 warnings
    Info: Peak virtual memory: 726 megabytes
    Info: Processing ended: Tue Feb 12 16:49:02 2019
    Info: Elapsed time: 00:00:10
    Info: Total CPU time (on all processors): 00:00:20


